{
  "/Users/didierbd/NOMADS MEDIA Dropbox/Didier BD/DOCUMENTS/FORMATIONS/OPENCLASSROOMS/DEV FULL STACK et ANGULAR/P5 - Testez une app Full Stack/OC-P5/OCP5-Test-App-Full-Stack/front/src/polyfills.ts": {
    "path": "/Users/didierbd/NOMADS MEDIA Dropbox/Didier BD/DOCUMENTS/FORMATIONS/OPENCLASSROOMS/DEV FULL STACK et ANGULAR/P5 - Testez une app Full Stack/OC-P5/OCP5-Test-App-Full-Stack/front/src/polyfills.ts",
    "statementMap": {},
    "fnMap": {},
    "branchMap": {},
    "s": {},
    "f": {},
    "b": {},
    "inputSourceMap": {
      "version": 3,
      "names": [],
      "sources": [
        "/Users/didierbd/NOMADS MEDIA Dropbox/Didier BD/DOCUMENTS/FORMATIONS/OPENCLASSROOMS/DEV FULL STACK et ANGULAR/P5 - Testez une app Full Stack/OC-P5/OCP5-Test-App-Full-Stack/front/src/polyfills.ts"
      ],
      "sourcesContent": [
        "/**\n * This file includes polyfills needed by Angular and is loaded before the app.\n * You can add your own extra polyfills to this file.\n *\n * This file is divided into 2 sections:\n *   1. Browser polyfills. These are applied before loading ZoneJS and are sorted by browsers.\n *   2. Application imports. Files imported after ZoneJS that should be loaded before your main\n *      file.\n *\n * The current setup is for so-called \"evergreen\" browsers; the last versions of browsers that\n * automatically update themselves. This includes recent versions of Safari, Chrome (including\n * Opera), Edge on the desktop, and iOS and Chrome on mobile.\n *\n * Learn more in https://angular.io/guide/browser-support\n */\n\n/***************************************************************************************************\n * BROWSER POLYFILLS\n */\n\n/**\n * By default, zone.js will patch all possible macroTask and DomEvents\n * user can disable parts of macroTask/DomEvents patch by setting following flags\n * because those flags need to be set before `zone.js` being loaded, and webpack\n * will put import in the top of bundle, so user need to create a separate file\n * in this directory (for example: zone-flags.ts), and put the following flags\n * into that file, and then add the following code before importing zone.js.\n * import './zone-flags';\n *\n * The flags allowed in zone-flags.ts are listed here.\n *\n * The following flags will work for all browsers.\n *\n * (window as any).__Zone_disable_requestAnimationFrame = true; // disable patch requestAnimationFrame\n * (window as any).__Zone_disable_on_property = true; // disable patch onProperty such as onclick\n * (window as any).__zone_symbol__UNPATCHED_EVENTS = ['scroll', 'mousemove']; // disable patch specified eventNames\n *\n *  in IE/Edge developer tools, the addEventListener will also be wrapped by zone.js\n *  with the following flag, it will bypass `zone.js` patch for IE/Edge\n *\n *  (window as any).__Zone_enable_cross_context_check = true;\n *\n */\n\n/***************************************************************************************************\n * Zone JS is required by default for Angular itself.\n */\nimport 'zone.js';  // Included with Angular CLI.\n\n\n/***************************************************************************************************\n * APPLICATION IMPORTS\n */\n"
      ],
      "mappings": "AAAA;;;;;;;;;;;;;;;AAgBA;;;AAIA;;;;;;;;;;;;;;;;;;;;;;;AAwBA;;;AAGA,OAAO,SAAS,CAAC,CAAE;AAGnB",
      "ignoreList": []
    },
    "_coverageSchema": "1a1c01bbd47fc00a2c39e90264f33305004495a9",
    "hash": "aca5f3e19f2ccad454dd13812c5b1eaf63c7d976"
  },
  "/Users/didierbd/NOMADS MEDIA Dropbox/Didier BD/DOCUMENTS/FORMATIONS/OPENCLASSROOMS/DEV FULL STACK et ANGULAR/P5 - Testez une app Full Stack/OC-P5/OCP5-Test-App-Full-Stack/front/src/app/services/session.service.ts": {
    "path": "/Users/didierbd/NOMADS MEDIA Dropbox/Didier BD/DOCUMENTS/FORMATIONS/OPENCLASSROOMS/DEV FULL STACK et ANGULAR/P5 - Testez une app Full Stack/OC-P5/OCP5-Test-App-Full-Stack/front/src/app/services/session.service.ts",
    "statementMap": {
      "0": {
        "start": {
          "line": 3,
          "column": 41
        },
        "end": {
          "line": 35,
          "column": 4
        }
      },
      "1": {
        "start": {
          "line": 6,
          "column": 6
        },
        "end": {
          "line": 6,
          "column": 28
        }
      },
      "2": {
        "start": {
          "line": 7,
          "column": 6
        },
        "end": {
          "line": 7,
          "column": 64
        }
      },
      "3": {
        "start": {
          "line": 10,
          "column": 6
        },
        "end": {
          "line": 10,
          "column": 49
        }
      },
      "4": {
        "start": {
          "line": 13,
          "column": 6
        },
        "end": {
          "line": 13,
          "column": 37
        }
      },
      "5": {
        "start": {
          "line": 14,
          "column": 6
        },
        "end": {
          "line": 14,
          "column": 27
        }
      },
      "6": {
        "start": {
          "line": 15,
          "column": 6
        },
        "end": {
          "line": 15,
          "column": 18
        }
      },
      "7": {
        "start": {
          "line": 18,
          "column": 6
        },
        "end": {
          "line": 18,
          "column": 42
        }
      },
      "8": {
        "start": {
          "line": 19,
          "column": 6
        },
        "end": {
          "line": 19,
          "column": 28
        }
      },
      "9": {
        "start": {
          "line": 20,
          "column": 6
        },
        "end": {
          "line": 20,
          "column": 18
        }
      },
      "10": {
        "start": {
          "line": 23,
          "column": 6
        },
        "end": {
          "line": 23,
          "column": 47
        }
      },
      "11": {
        "start": {
          "line": 25,
          "column": 16
        },
        "end": {
          "line": 27,
          "column": 5
        }
      },
      "12": {
        "start": {
          "line": 26,
          "column": 6
        },
        "end": {
          "line": 26,
          "column": 41
        }
      },
      "13": {
        "start": {
          "line": 28,
          "column": 17
        },
        "end": {
          "line": 32,
          "column": 6
        }
      },
      "14": {
        "start": {
          "line": 34,
          "column": 2
        },
        "end": {
          "line": 34,
          "column": 24
        }
      }
    },
    "fnMap": {
      "0": {
        "name": "(anonymous_0)",
        "decl": {
          "start": {
            "line": 3,
            "column": 42
          },
          "end": {
            "line": 3,
            "column": 43
          }
        },
        "loc": {
          "start": {
            "line": 3,
            "column": 48
          },
          "end": {
            "line": 35,
            "column": 1
          }
        },
        "line": 3
      },
      "1": {
        "name": "(anonymous_1)",
        "decl": {
          "start": {
            "line": 5,
            "column": 4
          },
          "end": {
            "line": 5,
            "column": 5
          }
        },
        "loc": {
          "start": {
            "line": 5,
            "column": 18
          },
          "end": {
            "line": 8,
            "column": 5
          }
        },
        "line": 5
      },
      "2": {
        "name": "(anonymous_2)",
        "decl": {
          "start": {
            "line": 9,
            "column": 4
          },
          "end": {
            "line": 9,
            "column": 5
          }
        },
        "loc": {
          "start": {
            "line": 9,
            "column": 16
          },
          "end": {
            "line": 11,
            "column": 5
          }
        },
        "line": 9
      },
      "3": {
        "name": "(anonymous_3)",
        "decl": {
          "start": {
            "line": 12,
            "column": 4
          },
          "end": {
            "line": 12,
            "column": 5
          }
        },
        "loc": {
          "start": {
            "line": 12,
            "column": 16
          },
          "end": {
            "line": 16,
            "column": 5
          }
        },
        "line": 12
      },
      "4": {
        "name": "(anonymous_4)",
        "decl": {
          "start": {
            "line": 17,
            "column": 4
          },
          "end": {
            "line": 17,
            "column": 5
          }
        },
        "loc": {
          "start": {
            "line": 17,
            "column": 13
          },
          "end": {
            "line": 21,
            "column": 5
          }
        },
        "line": 17
      },
      "5": {
        "name": "(anonymous_5)",
        "decl": {
          "start": {
            "line": 22,
            "column": 4
          },
          "end": {
            "line": 22,
            "column": 5
          }
        },
        "loc": {
          "start": {
            "line": 22,
            "column": 11
          },
          "end": {
            "line": 24,
            "column": 5
          }
        },
        "line": 22
      },
      "6": {
        "name": "SessionService_Factory",
        "decl": {
          "start": {
            "line": 25,
            "column": 37
          },
          "end": {
            "line": 25,
            "column": 59
          }
        },
        "loc": {
          "start": {
            "line": 25,
            "column": 63
          },
          "end": {
            "line": 27,
            "column": 5
          }
        },
        "line": 25
      }
    },
    "branchMap": {
      "0": {
        "loc": {
          "start": {
            "line": 26,
            "column": 18
          },
          "end": {
            "line": 26,
            "column": 37
          }
        },
        "type": "binary-expr",
        "locations": [
          {
            "start": {
              "line": 26,
              "column": 18
            },
            "end": {
              "line": 26,
              "column": 19
            }
          },
          {
            "start": {
              "line": 26,
              "column": 23
            },
            "end": {
              "line": 26,
              "column": 37
            }
          }
        ],
        "line": 26
      }
    },
    "s": {
      "0": 23,
      "1": 23,
      "2": 23,
      "3": 1163,
      "4": 15,
      "5": 15,
      "6": 15,
      "7": 1,
      "8": 1,
      "9": 1,
      "10": 16,
      "11": 23,
      "12": 23,
      "13": 23,
      "14": 23
    },
    "f": {
      "0": 23,
      "1": 23,
      "2": 1163,
      "3": 15,
      "4": 1,
      "5": 16,
      "6": 23
    },
    "b": {
      "0": [
        23,
        23
      ]
    },
    "inputSourceMap": {
      "version": 3,
      "names": [
        "BehaviorSubject",
        "SessionService",
        "constructor",
        "isLogged",
        "isLoggedSubject",
        "$isLogged",
        "asObservable",
        "logIn",
        "user",
        "sessionInformation",
        "next",
        "logOut",
        "undefined",
        "_",
        "_2",
        "factory",
        "ɵfac",
        "providedIn"
      ],
      "sources": [
        "/Users/didierbd/NOMADS MEDIA Dropbox/Didier BD/DOCUMENTS/FORMATIONS/OPENCLASSROOMS/DEV FULL STACK et ANGULAR/P5 - Testez une app Full Stack/OC-P5/OCP5-Test-App-Full-Stack/front/src/app/services/session.service.ts"
      ],
      "sourcesContent": [
        "import { Injectable } from '@angular/core';\nimport { BehaviorSubject, Observable } from 'rxjs';\nimport { SessionInformation } from '../interfaces/sessionInformation.interface';\n\n@Injectable({\n  providedIn: 'root'\n})\nexport class SessionService {\n\n  public isLogged = false;\n  public sessionInformation: SessionInformation | undefined;\n\n  private isLoggedSubject = new BehaviorSubject<boolean>(this.isLogged);\n\n  public $isLogged(): Observable<boolean> {\n    return this.isLoggedSubject.asObservable();\n  }\n\n  public logIn(user: SessionInformation): void {\n    this.sessionInformation = user;\n    this.isLogged = true;\n    this.next();\n  }\n\n  public logOut(): void {\n    this.sessionInformation = undefined;\n    this.isLogged = false;\n    this.next();\n  }\n\n  private next(): void {\n    this.isLoggedSubject.next(this.isLogged);\n  }\n}\n"
      ],
      "mappings": "AACA,SAASA,eAAe,QAAoB,MAAM;;AAMlD,WAAaC,cAAc;EAArB,MAAOA,cAAc;IAH3BC,YAAA;MAKS,KAAAC,QAAQ,GAAG,KAAK;MAGf,KAAAC,eAAe,GAAG,IAAIJ,eAAe,CAAU,IAAI,CAACG,QAAQ,CAAC;;IAE9DE,SAASA,CAAA;MACd,OAAO,IAAI,CAACD,eAAe,CAACE,YAAY,EAAE;IAC5C;IAEOC,KAAKA,CAACC,IAAwB;MACnC,IAAI,CAACC,kBAAkB,GAAGD,IAAI;MAC9B,IAAI,CAACL,QAAQ,GAAG,IAAI;MACpB,IAAI,CAACO,IAAI,EAAE;IACb;IAEOC,MAAMA,CAAA;MACX,IAAI,CAACF,kBAAkB,GAAGG,SAAS;MACnC,IAAI,CAACT,QAAQ,GAAG,KAAK;MACrB,IAAI,CAACO,IAAI,EAAE;IACb;IAEQA,IAAIA,CAAA;MACV,IAAI,CAACN,eAAe,CAACM,IAAI,CAAC,IAAI,CAACP,QAAQ,CAAC;IAC1C;IAAC,QAAAU,CAAA,G;uBAzBUZ,cAAc;IAAA;IAAA,QAAAa,EAAA,G;aAAdb,cAAc;MAAAc,OAAA,EAAdd,cAAc,CAAAe,IAAA;MAAAC,UAAA,EAFb;IAAM;;SAEPhB,cAAc;AAAA",
      "ignoreList": []
    },
    "_coverageSchema": "1a1c01bbd47fc00a2c39e90264f33305004495a9",
    "hash": "43582bdce4db90f06aa61554c320f3abb6c0cf77"
  },
  "/Users/didierbd/NOMADS MEDIA Dropbox/Didier BD/DOCUMENTS/FORMATIONS/OPENCLASSROOMS/DEV FULL STACK et ANGULAR/P5 - Testez une app Full Stack/OC-P5/OCP5-Test-App-Full-Stack/front/src/app/services/user.service.ts": {
    "path": "/Users/didierbd/NOMADS MEDIA Dropbox/Didier BD/DOCUMENTS/FORMATIONS/OPENCLASSROOMS/DEV FULL STACK et ANGULAR/P5 - Testez une app Full Stack/OC-P5/OCP5-Test-App-Full-Stack/front/src/app/services/user.service.ts",
    "statementMap": {
      "0": {
        "start": {
          "line": 3,
          "column": 38
        },
        "end": {
          "line": 25,
          "column": 4
        }
      },
      "1": {
        "start": {
          "line": 6,
          "column": 6
        },
        "end": {
          "line": 6,
          "column": 35
        }
      },
      "2": {
        "start": {
          "line": 7,
          "column": 6
        },
        "end": {
          "line": 7,
          "column": 36
        }
      },
      "3": {
        "start": {
          "line": 10,
          "column": 6
        },
        "end": {
          "line": 10,
          "column": 62
        }
      },
      "4": {
        "start": {
          "line": 13,
          "column": 6
        },
        "end": {
          "line": 13,
          "column": 65
        }
      },
      "5": {
        "start": {
          "line": 15,
          "column": 16
        },
        "end": {
          "line": 17,
          "column": 5
        }
      },
      "6": {
        "start": {
          "line": 16,
          "column": 6
        },
        "end": {
          "line": 16,
          "column": 64
        }
      },
      "7": {
        "start": {
          "line": 18,
          "column": 17
        },
        "end": {
          "line": 22,
          "column": 6
        }
      },
      "8": {
        "start": {
          "line": 24,
          "column": 2
        },
        "end": {
          "line": 24,
          "column": 21
        }
      }
    },
    "fnMap": {
      "0": {
        "name": "(anonymous_0)",
        "decl": {
          "start": {
            "line": 3,
            "column": 39
          },
          "end": {
            "line": 3,
            "column": 40
          }
        },
        "loc": {
          "start": {
            "line": 3,
            "column": 45
          },
          "end": {
            "line": 25,
            "column": 1
          }
        },
        "line": 3
      },
      "1": {
        "name": "(anonymous_1)",
        "decl": {
          "start": {
            "line": 5,
            "column": 4
          },
          "end": {
            "line": 5,
            "column": 5
          }
        },
        "loc": {
          "start": {
            "line": 5,
            "column": 28
          },
          "end": {
            "line": 8,
            "column": 5
          }
        },
        "line": 5
      },
      "2": {
        "name": "(anonymous_2)",
        "decl": {
          "start": {
            "line": 9,
            "column": 4
          },
          "end": {
            "line": 9,
            "column": 5
          }
        },
        "loc": {
          "start": {
            "line": 9,
            "column": 16
          },
          "end": {
            "line": 11,
            "column": 5
          }
        },
        "line": 9
      },
      "3": {
        "name": "(anonymous_3)",
        "decl": {
          "start": {
            "line": 12,
            "column": 4
          },
          "end": {
            "line": 12,
            "column": 5
          }
        },
        "loc": {
          "start": {
            "line": 12,
            "column": 15
          },
          "end": {
            "line": 14,
            "column": 5
          }
        },
        "line": 12
      },
      "4": {
        "name": "UserService_Factory",
        "decl": {
          "start": {
            "line": 15,
            "column": 37
          },
          "end": {
            "line": 15,
            "column": 56
          }
        },
        "loc": {
          "start": {
            "line": 15,
            "column": 60
          },
          "end": {
            "line": 17,
            "column": 5
          }
        },
        "line": 15
      }
    },
    "branchMap": {
      "0": {
        "loc": {
          "start": {
            "line": 16,
            "column": 18
          },
          "end": {
            "line": 16,
            "column": 34
          }
        },
        "type": "binary-expr",
        "locations": [
          {
            "start": {
              "line": 16,
              "column": 18
            },
            "end": {
              "line": 16,
              "column": 19
            }
          },
          {
            "start": {
              "line": 16,
              "column": 23
            },
            "end": {
              "line": 16,
              "column": 34
            }
          }
        ],
        "line": 16
      }
    },
    "s": {
      "0": 23,
      "1": 4,
      "2": 4,
      "3": 4,
      "4": 1,
      "5": 23,
      "6": 4,
      "7": 23,
      "8": 23
    },
    "f": {
      "0": 23,
      "1": 4,
      "2": 4,
      "3": 1,
      "4": 4
    },
    "b": {
      "0": [
        4,
        4
      ]
    },
    "inputSourceMap": {
      "version": 3,
      "names": [
        "UserService",
        "constructor",
        "httpClient",
        "pathService",
        "getById",
        "id",
        "get",
        "delete",
        "_",
        "i0",
        "ɵɵinject",
        "i1",
        "HttpClient",
        "_2",
        "factory",
        "ɵfac",
        "providedIn"
      ],
      "sources": [
        "/Users/didierbd/NOMADS MEDIA Dropbox/Didier BD/DOCUMENTS/FORMATIONS/OPENCLASSROOMS/DEV FULL STACK et ANGULAR/P5 - Testez une app Full Stack/OC-P5/OCP5-Test-App-Full-Stack/front/src/app/services/user.service.ts"
      ],
      "sourcesContent": [
        "import { HttpClient } from '@angular/common/http';\nimport { Injectable } from '@angular/core';\nimport { Observable } from 'rxjs';\nimport { User } from '../interfaces/user.interface';\n\n@Injectable({\n  providedIn: 'root'\n})\nexport class UserService {\n\n  private pathService = 'api/user';\n\n  constructor(private httpClient: HttpClient) { }\n\n  public getById(id: string): Observable<User> {\n    return this.httpClient.get<User>(`${this.pathService}/${id}`);\n  }\n\n  public delete(id: string): Observable<any> {\n    return this.httpClient.delete(`${this.pathService}/${id}`);\n  }\n}\n"
      ],
      "mappings": ";;AAQA,WAAaA,WAAW;EAAlB,MAAOA,WAAW;IAItBC,YAAoBC,UAAsB;MAAtB,KAAAA,UAAU,GAAVA,UAAU;MAFtB,KAAAC,WAAW,GAAG,UAAU;IAEc;IAEvCC,OAAOA,CAACC,EAAU;MACvB,OAAO,IAAI,CAACH,UAAU,CAACI,GAAG,CAAO,GAAG,IAAI,CAACH,WAAW,IAAIE,EAAE,EAAE,CAAC;IAC/D;IAEOE,MAAMA,CAACF,EAAU;MACtB,OAAO,IAAI,CAACH,UAAU,CAACK,MAAM,CAAC,GAAG,IAAI,CAACJ,WAAW,IAAIE,EAAE,EAAE,CAAC;IAC5D;IAAC,QAAAG,CAAA,G;uBAZUR,WAAW,EAAAS,EAAA,CAAAC,QAAA,CAAAC,EAAA,CAAAC,UAAA;IAAA;IAAA,QAAAC,EAAA,G;aAAXb,WAAW;MAAAc,OAAA,EAAXd,WAAW,CAAAe,IAAA;MAAAC,UAAA,EAFV;IAAM;;SAEPhB,WAAW;AAAA",
      "ignoreList": []
    },
    "_coverageSchema": "1a1c01bbd47fc00a2c39e90264f33305004495a9",
    "hash": "0c3510b4797b8cef0877a7aed79f1018c90f76b8"
  },
  "/Users/didierbd/NOMADS MEDIA Dropbox/Didier BD/DOCUMENTS/FORMATIONS/OPENCLASSROOMS/DEV FULL STACK et ANGULAR/P5 - Testez une app Full Stack/OC-P5/OCP5-Test-App-Full-Stack/front/src/app/components/me/me.component.ts": {
    "path": "/Users/didierbd/NOMADS MEDIA Dropbox/Didier BD/DOCUMENTS/FORMATIONS/OPENCLASSROOMS/DEV FULL STACK et ANGULAR/P5 - Testez une app Full Stack/OC-P5/OCP5-Test-App-Full-Stack/front/src/app/components/me/me.component.ts",
    "statementMap": {
      "0": {
        "start": {
          "line": 12,
          "column": 2
        },
        "end": {
          "line": 16,
          "column": 3
        }
      },
      "1": {
        "start": {
          "line": 13,
          "column": 4
        },
        "end": {
          "line": 13,
          "column": 33
        }
      },
      "2": {
        "start": {
          "line": 14,
          "column": 4
        },
        "end": {
          "line": 14,
          "column": 34
        }
      },
      "3": {
        "start": {
          "line": 15,
          "column": 4
        },
        "end": {
          "line": 15,
          "column": 22
        }
      },
      "4": {
        "start": {
          "line": 19,
          "column": 2
        },
        "end": {
          "line": 36,
          "column": 3
        }
      },
      "5": {
        "start": {
          "line": 20,
          "column": 16
        },
        "end": {
          "line": 20,
          "column": 37
        }
      },
      "6": {
        "start": {
          "line": 21,
          "column": 4
        },
        "end": {
          "line": 21,
          "column": 43
        }
      },
      "7": {
        "start": {
          "line": 22,
          "column": 4
        },
        "end": {
          "line": 22,
          "column": 39
        }
      },
      "8": {
        "start": {
          "line": 23,
          "column": 4
        },
        "end": {
          "line": 23,
          "column": 22
        }
      },
      "9": {
        "start": {
          "line": 24,
          "column": 4
        },
        "end": {
          "line": 24,
          "column": 39
        }
      },
      "10": {
        "start": {
          "line": 25,
          "column": 4
        },
        "end": {
          "line": 29,
          "column": 7
        }
      },
      "11": {
        "start": {
          "line": 26,
          "column": 6
        },
        "end": {
          "line": 26,
          "column": 28
        }
      },
      "12": {
        "start": {
          "line": 27,
          "column": 21
        },
        "end": {
          "line": 27,
          "column": 40
        }
      },
      "13": {
        "start": {
          "line": 28,
          "column": 6
        },
        "end": {
          "line": 28,
          "column": 45
        }
      },
      "14": {
        "start": {
          "line": 30,
          "column": 4
        },
        "end": {
          "line": 30,
          "column": 37
        }
      },
      "15": {
        "start": {
          "line": 31,
          "column": 4
        },
        "end": {
          "line": 31,
          "column": 27
        }
      },
      "16": {
        "start": {
          "line": 32,
          "column": 4
        },
        "end": {
          "line": 32,
          "column": 22
        }
      },
      "17": {
        "start": {
          "line": 33,
          "column": 4
        },
        "end": {
          "line": 33,
          "column": 37
        }
      },
      "18": {
        "start": {
          "line": 34,
          "column": 4
        },
        "end": {
          "line": 34,
          "column": 27
        }
      },
      "19": {
        "start": {
          "line": 35,
          "column": 4
        },
        "end": {
          "line": 35,
          "column": 26
        }
      },
      "20": {
        "start": {
          "line": 39,
          "column": 2
        },
        "end": {
          "line": 60,
          "column": 3
        }
      },
      "21": {
        "start": {
          "line": 40,
          "column": 4
        },
        "end": {
          "line": 40,
          "column": 43
        }
      },
      "22": {
        "start": {
          "line": 41,
          "column": 4
        },
        "end": {
          "line": 41,
          "column": 17
        }
      },
      "23": {
        "start": {
          "line": 42,
          "column": 4
        },
        "end": {
          "line": 42,
          "column": 30
        }
      },
      "24": {
        "start": {
          "line": 43,
          "column": 4
        },
        "end": {
          "line": 43,
          "column": 22
        }
      },
      "25": {
        "start": {
          "line": 44,
          "column": 4
        },
        "end": {
          "line": 44,
          "column": 30
        }
      },
      "26": {
        "start": {
          "line": 45,
          "column": 4
        },
        "end": {
          "line": 45,
          "column": 17
        }
      },
      "27": {
        "start": {
          "line": 46,
          "column": 4
        },
        "end": {
          "line": 46,
          "column": 22
        }
      },
      "28": {
        "start": {
          "line": 47,
          "column": 4
        },
        "end": {
          "line": 47,
          "column": 122
        }
      },
      "29": {
        "start": {
          "line": 48,
          "column": 4
        },
        "end": {
          "line": 48,
          "column": 52
        }
      },
      "30": {
        "start": {
          "line": 49,
          "column": 4
        },
        "end": {
          "line": 49,
          "column": 33
        }
      },
      "31": {
        "start": {
          "line": 50,
          "column": 4
        },
        "end": {
          "line": 50,
          "column": 22
        }
      },
      "32": {
        "start": {
          "line": 51,
          "column": 4
        },
        "end": {
          "line": 51,
          "column": 18
        }
      },
      "33": {
        "start": {
          "line": 52,
          "column": 4
        },
        "end": {
          "line": 52,
          "column": 26
        }
      },
      "34": {
        "start": {
          "line": 53,
          "column": 4
        },
        "end": {
          "line": 53,
          "column": 22
        }
      },
      "35": {
        "start": {
          "line": 54,
          "column": 4
        },
        "end": {
          "line": 54,
          "column": 40
        }
      },
      "36": {
        "start": {
          "line": 55,
          "column": 4
        },
        "end": {
          "line": 55,
          "column": 35
        }
      },
      "37": {
        "start": {
          "line": 56,
          "column": 4
        },
        "end": {
          "line": 56,
          "column": 22
        }
      },
      "38": {
        "start": {
          "line": 57,
          "column": 4
        },
        "end": {
          "line": 57,
          "column": 18
        }
      },
      "39": {
        "start": {
          "line": 58,
          "column": 4
        },
        "end": {
          "line": 58,
          "column": 26
        }
      },
      "40": {
        "start": {
          "line": 59,
          "column": 4
        },
        "end": {
          "line": 59,
          "column": 26
        }
      },
      "41": {
        "start": {
          "line": 61,
          "column": 2
        },
        "end": {
          "line": 75,
          "column": 3
        }
      },
      "42": {
        "start": {
          "line": 62,
          "column": 19
        },
        "end": {
          "line": 62,
          "column": 37
        }
      },
      "43": {
        "start": {
          "line": 63,
          "column": 4
        },
        "end": {
          "line": 63,
          "column": 20
        }
      },
      "44": {
        "start": {
          "line": 64,
          "column": 4
        },
        "end": {
          "line": 64,
          "column": 112
        }
      },
      "45": {
        "start": {
          "line": 65,
          "column": 4
        },
        "end": {
          "line": 65,
          "column": 20
        }
      },
      "46": {
        "start": {
          "line": 66,
          "column": 4
        },
        "end": {
          "line": 66,
          "column": 60
        }
      },
      "47": {
        "start": {
          "line": 67,
          "column": 4
        },
        "end": {
          "line": 67,
          "column": 19
        }
      },
      "48": {
        "start": {
          "line": 68,
          "column": 4
        },
        "end": {
          "line": 68,
          "column": 45
        }
      },
      "49": {
        "start": {
          "line": 69,
          "column": 4
        },
        "end": {
          "line": 69,
          "column": 19
        }
      },
      "50": {
        "start": {
          "line": 70,
          "column": 4
        },
        "end": {
          "line": 70,
          "column": 46
        }
      },
      "51": {
        "start": {
          "line": 71,
          "column": 4
        },
        "end": {
          "line": 71,
          "column": 20
        }
      },
      "52": {
        "start": {
          "line": 72,
          "column": 4
        },
        "end": {
          "line": 72,
          "column": 93
        }
      },
      "53": {
        "start": {
          "line": 73,
          "column": 4
        },
        "end": {
          "line": 73,
          "column": 20
        }
      },
      "54": {
        "start": {
          "line": 74,
          "column": 4
        },
        "end": {
          "line": 74,
          "column": 94
        }
      },
      "55": {
        "start": {
          "line": 77,
          "column": 38
        },
        "end": {
          "line": 134,
          "column": 4
        }
      },
      "56": {
        "start": {
          "line": 80,
          "column": 6
        },
        "end": {
          "line": 80,
          "column": 27
        }
      },
      "57": {
        "start": {
          "line": 81,
          "column": 6
        },
        "end": {
          "line": 81,
          "column": 43
        }
      },
      "58": {
        "start": {
          "line": 82,
          "column": 6
        },
        "end": {
          "line": 82,
          "column": 37
        }
      },
      "59": {
        "start": {
          "line": 83,
          "column": 6
        },
        "end": {
          "line": 83,
          "column": 37
        }
      },
      "60": {
        "start": {
          "line": 86,
          "column": 6
        },
        "end": {
          "line": 86,
          "column": 121
        }
      },
      "61": {
        "start": {
          "line": 86,
          "column": 103
        },
        "end": {
          "line": 86,
          "column": 119
        }
      },
      "62": {
        "start": {
          "line": 89,
          "column": 6
        },
        "end": {
          "line": 89,
          "column": 28
        }
      },
      "63": {
        "start": {
          "line": 92,
          "column": 6
        },
        "end": {
          "line": 98,
          "column": 9
        }
      },
      "64": {
        "start": {
          "line": 93,
          "column": 8
        },
        "end": {
          "line": 95,
          "column": 11
        }
      },
      "65": {
        "start": {
          "line": 96,
          "column": 8
        },
        "end": {
          "line": 96,
          "column": 37
        }
      },
      "66": {
        "start": {
          "line": 97,
          "column": 8
        },
        "end": {
          "line": 97,
          "column": 36
        }
      },
      "67": {
        "start": {
          "line": 100,
          "column": 16
        },
        "end": {
          "line": 102,
          "column": 5
        }
      },
      "68": {
        "start": {
          "line": 101,
          "column": 6
        },
        "end": {
          "line": 101,
          "column": 186
        }
      },
      "69": {
        "start": {
          "line": 103,
          "column": 17
        },
        "end": {
          "line": 131,
          "column": 6
        }
      },
      "70": {
        "start": {
          "line": 110,
          "column": 8
        },
        "end": {
          "line": 124,
          "column": 9
        }
      },
      "71": {
        "start": {
          "line": 111,
          "column": 10
        },
        "end": {
          "line": 111,
          "column": 106
        }
      },
      "72": {
        "start": {
          "line": 112,
          "column": 10
        },
        "end": {
          "line": 114,
          "column": 13
        }
      },
      "73": {
        "start": {
          "line": 113,
          "column": 12
        },
        "end": {
          "line": 113,
          "column": 30
        }
      },
      "74": {
        "start": {
          "line": 115,
          "column": 10
        },
        "end": {
          "line": 115,
          "column": 43
        }
      },
      "75": {
        "start": {
          "line": 116,
          "column": 10
        },
        "end": {
          "line": 116,
          "column": 37
        }
      },
      "76": {
        "start": {
          "line": 117,
          "column": 10
        },
        "end": {
          "line": 117,
          "column": 30
        }
      },
      "77": {
        "start": {
          "line": 118,
          "column": 10
        },
        "end": {
          "line": 118,
          "column": 37
        }
      },
      "78": {
        "start": {
          "line": 119,
          "column": 10
        },
        "end": {
          "line": 119,
          "column": 43
        }
      },
      "79": {
        "start": {
          "line": 120,
          "column": 10
        },
        "end": {
          "line": 120,
          "column": 32
        }
      },
      "80": {
        "start": {
          "line": 121,
          "column": 10
        },
        "end": {
          "line": 121,
          "column": 51
        }
      },
      "81": {
        "start": {
          "line": 122,
          "column": 10
        },
        "end": {
          "line": 122,
          "column": 75
        }
      },
      "82": {
        "start": {
          "line": 123,
          "column": 10
        },
        "end": {
          "line": 123,
          "column": 32
        }
      },
      "83": {
        "start": {
          "line": 125,
          "column": 8
        },
        "end": {
          "line": 128,
          "column": 9
        }
      },
      "84": {
        "start": {
          "line": 126,
          "column": 10
        },
        "end": {
          "line": 126,
          "column": 27
        }
      },
      "85": {
        "start": {
          "line": 127,
          "column": 10
        },
        "end": {
          "line": 127,
          "column": 42
        }
      },
      "86": {
        "start": {
          "line": 133,
          "column": 2
        },
        "end": {
          "line": 133,
          "column": 21
        }
      }
    },
    "fnMap": {
      "0": {
        "name": "MeComponent_div_10_p_6_Template",
        "decl": {
          "start": {
            "line": 11,
            "column": 9
          },
          "end": {
            "line": 11,
            "column": 40
          }
        },
        "loc": {
          "start": {
            "line": 11,
            "column": 50
          },
          "end": {
            "line": 17,
            "column": 1
          }
        },
        "line": 11
      },
      "1": {
        "name": "MeComponent_div_10_div_7_Template",
        "decl": {
          "start": {
            "line": 18,
            "column": 9
          },
          "end": {
            "line": 18,
            "column": 42
          }
        },
        "loc": {
          "start": {
            "line": 18,
            "column": 52
          },
          "end": {
            "line": 37,
            "column": 1
          }
        },
        "line": 18
      },
      "2": {
        "name": "MeComponent_div_10_div_7_Template_button_click_3_listener",
        "decl": {
          "start": {
            "line": 25,
            "column": 36
          },
          "end": {
            "line": 25,
            "column": 93
          }
        },
        "loc": {
          "start": {
            "line": 25,
            "column": 96
          },
          "end": {
            "line": 29,
            "column": 5
          }
        },
        "line": 25
      },
      "3": {
        "name": "MeComponent_div_10_Template",
        "decl": {
          "start": {
            "line": 38,
            "column": 9
          },
          "end": {
            "line": 38,
            "column": 36
          }
        },
        "loc": {
          "start": {
            "line": 38,
            "column": 46
          },
          "end": {
            "line": 76,
            "column": 1
          }
        },
        "line": 38
      },
      "4": {
        "name": "(anonymous_4)",
        "decl": {
          "start": {
            "line": 77,
            "column": 39
          },
          "end": {
            "line": 77,
            "column": 40
          }
        },
        "loc": {
          "start": {
            "line": 77,
            "column": 45
          },
          "end": {
            "line": 134,
            "column": 1
          }
        },
        "line": 77
      },
      "5": {
        "name": "(anonymous_5)",
        "decl": {
          "start": {
            "line": 79,
            "column": 4
          },
          "end": {
            "line": 79,
            "column": 5
          }
        },
        "loc": {
          "start": {
            "line": 79,
            "column": 66
          },
          "end": {
            "line": 84,
            "column": 5
          }
        },
        "line": 79
      },
      "6": {
        "name": "(anonymous_6)",
        "decl": {
          "start": {
            "line": 85,
            "column": 4
          },
          "end": {
            "line": 85,
            "column": 5
          }
        },
        "loc": {
          "start": {
            "line": 85,
            "column": 15
          },
          "end": {
            "line": 87,
            "column": 5
          }
        },
        "line": 85
      },
      "7": {
        "name": "(anonymous_7)",
        "decl": {
          "start": {
            "line": 86,
            "column": 95
          },
          "end": {
            "line": 86,
            "column": 96
          }
        },
        "loc": {
          "start": {
            "line": 86,
            "column": 103
          },
          "end": {
            "line": 86,
            "column": 119
          }
        },
        "line": 86
      },
      "8": {
        "name": "(anonymous_8)",
        "decl": {
          "start": {
            "line": 88,
            "column": 4
          },
          "end": {
            "line": 88,
            "column": 5
          }
        },
        "loc": {
          "start": {
            "line": 88,
            "column": 11
          },
          "end": {
            "line": 90,
            "column": 5
          }
        },
        "line": 88
      },
      "9": {
        "name": "(anonymous_9)",
        "decl": {
          "start": {
            "line": 91,
            "column": 4
          },
          "end": {
            "line": 91,
            "column": 5
          }
        },
        "loc": {
          "start": {
            "line": 91,
            "column": 13
          },
          "end": {
            "line": 99,
            "column": 5
          }
        },
        "line": 91
      },
      "10": {
        "name": "(anonymous_10)",
        "decl": {
          "start": {
            "line": 92,
            "column": 94
          },
          "end": {
            "line": 92,
            "column": 95
          }
        },
        "loc": {
          "start": {
            "line": 92,
            "column": 99
          },
          "end": {
            "line": 98,
            "column": 7
          }
        },
        "line": 92
      },
      "11": {
        "name": "MeComponent_Factory",
        "decl": {
          "start": {
            "line": 100,
            "column": 37
          },
          "end": {
            "line": 100,
            "column": 56
          }
        },
        "loc": {
          "start": {
            "line": 100,
            "column": 60
          },
          "end": {
            "line": 102,
            "column": 5
          }
        },
        "line": 100
      },
      "12": {
        "name": "MeComponent_Template",
        "decl": {
          "start": {
            "line": 109,
            "column": 25
          },
          "end": {
            "line": 109,
            "column": 45
          }
        },
        "loc": {
          "start": {
            "line": 109,
            "column": 55
          },
          "end": {
            "line": 129,
            "column": 7
          }
        },
        "line": 109
      },
      "13": {
        "name": "MeComponent_Template_button_click_4_listener",
        "decl": {
          "start": {
            "line": 112,
            "column": 42
          },
          "end": {
            "line": 112,
            "column": 86
          }
        },
        "loc": {
          "start": {
            "line": 112,
            "column": 89
          },
          "end": {
            "line": 114,
            "column": 11
          }
        },
        "line": 112
      }
    },
    "branchMap": {
      "0": {
        "loc": {
          "start": {
            "line": 12,
            "column": 2
          },
          "end": {
            "line": 16,
            "column": 3
          }
        },
        "type": "if",
        "locations": [
          {
            "start": {
              "line": 12,
              "column": 2
            },
            "end": {
              "line": 16,
              "column": 3
            }
          },
          {
            "start": {
              "line": 12,
              "column": 2
            },
            "end": {
              "line": 16,
              "column": 3
            }
          }
        ],
        "line": 12
      },
      "1": {
        "loc": {
          "start": {
            "line": 19,
            "column": 2
          },
          "end": {
            "line": 36,
            "column": 3
          }
        },
        "type": "if",
        "locations": [
          {
            "start": {
              "line": 19,
              "column": 2
            },
            "end": {
              "line": 36,
              "column": 3
            }
          },
          {
            "start": {
              "line": 19,
              "column": 2
            },
            "end": {
              "line": 36,
              "column": 3
            }
          }
        ],
        "line": 19
      },
      "2": {
        "loc": {
          "start": {
            "line": 39,
            "column": 2
          },
          "end": {
            "line": 60,
            "column": 3
          }
        },
        "type": "if",
        "locations": [
          {
            "start": {
              "line": 39,
              "column": 2
            },
            "end": {
              "line": 60,
              "column": 3
            }
          },
          {
            "start": {
              "line": 39,
              "column": 2
            },
            "end": {
              "line": 60,
              "column": 3
            }
          }
        ],
        "line": 39
      },
      "3": {
        "loc": {
          "start": {
            "line": 61,
            "column": 2
          },
          "end": {
            "line": 75,
            "column": 3
          }
        },
        "type": "if",
        "locations": [
          {
            "start": {
              "line": 61,
              "column": 2
            },
            "end": {
              "line": 75,
              "column": 3
            }
          },
          {
            "start": {
              "line": 61,
              "column": 2
            },
            "end": {
              "line": 75,
              "column": 3
            }
          }
        ],
        "line": 61
      },
      "4": {
        "loc": {
          "start": {
            "line": 101,
            "column": 18
          },
          "end": {
            "line": 101,
            "column": 34
          }
        },
        "type": "binary-expr",
        "locations": [
          {
            "start": {
              "line": 101,
              "column": 18
            },
            "end": {
              "line": 101,
              "column": 19
            }
          },
          {
            "start": {
              "line": 101,
              "column": 23
            },
            "end": {
              "line": 101,
              "column": 34
            }
          }
        ],
        "line": 101
      },
      "5": {
        "loc": {
          "start": {
            "line": 110,
            "column": 8
          },
          "end": {
            "line": 124,
            "column": 9
          }
        },
        "type": "if",
        "locations": [
          {
            "start": {
              "line": 110,
              "column": 8
            },
            "end": {
              "line": 124,
              "column": 9
            }
          },
          {
            "start": {
              "line": 110,
              "column": 8
            },
            "end": {
              "line": 124,
              "column": 9
            }
          }
        ],
        "line": 110
      },
      "6": {
        "loc": {
          "start": {
            "line": 125,
            "column": 8
          },
          "end": {
            "line": 128,
            "column": 9
          }
        },
        "type": "if",
        "locations": [
          {
            "start": {
              "line": 125,
              "column": 8
            },
            "end": {
              "line": 128,
              "column": 9
            }
          },
          {
            "start": {
              "line": 125,
              "column": 8
            },
            "end": {
              "line": 128,
              "column": 9
            }
          }
        ],
        "line": 125
      }
    },
    "s": {
      "0": 3,
      "1": 1,
      "2": 1,
      "3": 1,
      "4": 12,
      "5": 3,
      "6": 3,
      "7": 3,
      "8": 3,
      "9": 3,
      "10": 3,
      "11": 1,
      "12": 1,
      "13": 1,
      "14": 3,
      "15": 3,
      "16": 3,
      "17": 3,
      "18": 3,
      "19": 3,
      "20": 15,
      "21": 4,
      "22": 4,
      "23": 4,
      "24": 4,
      "25": 4,
      "26": 4,
      "27": 4,
      "28": 4,
      "29": 4,
      "30": 4,
      "31": 4,
      "32": 4,
      "33": 4,
      "34": 4,
      "35": 4,
      "36": 4,
      "37": 4,
      "38": 4,
      "39": 4,
      "40": 4,
      "41": 15,
      "42": 11,
      "43": 11,
      "44": 11,
      "45": 11,
      "46": 11,
      "47": 11,
      "48": 11,
      "49": 11,
      "50": 11,
      "51": 11,
      "52": 11,
      "53": 11,
      "54": 11,
      "55": 23,
      "56": 4,
      "57": 4,
      "58": 4,
      "59": 4,
      "60": 4,
      "61": 4,
      "62": 1,
      "63": 1,
      "64": 1,
      "65": 1,
      "66": 1,
      "67": 23,
      "68": 4,
      "69": 23,
      "70": 23,
      "71": 4,
      "72": 4,
      "73": 1,
      "74": 4,
      "75": 4,
      "76": 4,
      "77": 4,
      "78": 4,
      "79": 4,
      "80": 4,
      "81": 4,
      "82": 4,
      "83": 23,
      "84": 19,
      "85": 19,
      "86": 23
    },
    "f": {
      "0": 3,
      "1": 12,
      "2": 1,
      "3": 15,
      "4": 23,
      "5": 4,
      "6": 4,
      "7": 4,
      "8": 1,
      "9": 1,
      "10": 1,
      "11": 4,
      "12": 23,
      "13": 1
    },
    "b": {
      "0": [
        1,
        2
      ],
      "1": [
        3,
        9
      ],
      "2": [
        4,
        11
      ],
      "3": [
        11,
        4
      ],
      "4": [
        4,
        4
      ],
      "5": [
        4,
        19
      ],
      "6": [
        19,
        4
      ]
    },
    "inputSourceMap": {
      "version": 3,
      "names": [
        "i0",
        "ɵɵelementStart",
        "ɵɵtext",
        "ɵɵelementEnd",
        "ɵɵlistener",
        "MeComponent_div_10_div_7_Template_button_click_3_listener",
        "ɵɵrestoreView",
        "_r1",
        "ctx_r1",
        "ɵɵnextContext",
        "ɵɵresetView",
        "delete",
        "ɵɵtemplate",
        "MeComponent_div_10_p_6_Template",
        "MeComponent_div_10_div_7_Template",
        "ɵɵadvance",
        "ɵɵtextInterpolate2",
        "user",
        "firstName",
        "ɵɵpipeBind1",
        "lastName",
        "ɵɵtextInterpolate1",
        "email",
        "ɵɵproperty",
        "admin",
        "ɵɵpipeBind2",
        "createdAt",
        "updatedAt",
        "MeComponent",
        "constructor",
        "router",
        "sessionService",
        "matSnackBar",
        "userService",
        "ngOnInit",
        "getById",
        "sessionInformation",
        "id",
        "toString",
        "subscribe",
        "back",
        "window",
        "history",
        "_",
        "open",
        "duration",
        "logOut",
        "navigate",
        "ɵɵdirectiveInject",
        "i1",
        "Router",
        "i2",
        "SessionService",
        "i3",
        "MatSnackBar",
        "i4",
        "UserService",
        "_2",
        "selectors",
        "decls",
        "vars",
        "consts",
        "template",
        "MeComponent_Template",
        "rf",
        "ctx",
        "MeComponent_Template_button_click_4_listener",
        "MeComponent_div_10_Template"
      ],
      "sources": [
        "/Users/didierbd/NOMADS MEDIA Dropbox/Didier BD/DOCUMENTS/FORMATIONS/OPENCLASSROOMS/DEV FULL STACK et ANGULAR/P5 - Testez une app Full Stack/OC-P5/OCP5-Test-App-Full-Stack/front/src/app/components/me/me.component.ts",
        "/Users/didierbd/NOMADS MEDIA Dropbox/Didier BD/DOCUMENTS/FORMATIONS/OPENCLASSROOMS/DEV FULL STACK et ANGULAR/P5 - Testez une app Full Stack/OC-P5/OCP5-Test-App-Full-Stack/front/src/app/components/me/me.component.html"
      ],
      "sourcesContent": [
        "import { Component, OnInit } from '@angular/core';\n//import { MatLegacySnackBar as MatSnackBar } from '@angular/material/legacy-snack-bar';\nimport { MatSnackBar } from '@angular/material/snack-bar';\nimport { Router } from '@angular/router';\nimport { User } from '../../interfaces/user.interface';\nimport { SessionService } from '../../services/session.service';\nimport { UserService } from '../../services/user.service';\n\n@Component({\n  selector: 'app-me',\n  templateUrl: './me.component.html',\n  styleUrls: ['./me.component.scss']\n})\nexport class MeComponent implements OnInit {\n\n  public user: User | undefined;\n\n  constructor(private router: Router,\n              private sessionService: SessionService,\n              private matSnackBar: MatSnackBar,\n              private userService: UserService) {\n  }\n\n  public ngOnInit(): void {\n    this.userService\n      .getById(this.sessionService.sessionInformation!.id.toString())\n      .subscribe((user: User) => this.user = user);\n  }\n\n  public back(): void {\n    window.history.back();\n  }\n\n  public delete(): void {\n    this.userService\n      .delete(this.sessionService.sessionInformation!.id.toString())\n      .subscribe((_) => {\n        this.matSnackBar.open(\"Your account has been deleted !\", 'Close', { duration: 3000 });\n        this.sessionService.logOut();\n        this.router.navigate(['/']);\n      })\n  }\n\n}\n",
        "<div class=\"m3\">\n  <mat-card>\n    <mat-card-title>\n      <div fxLayout=\"row\" fxLayoutAlign=\"start center\">\n        <button mat-icon-button (click)=\"back()\">\n          <mat-icon>arrow_back</mat-icon>\n        </button>\n        <h1>User information</h1>\n      </div>\n    </mat-card-title>\n    <mat-card-content>\n      <div *ngIf=\"user\" fxLayout=\"column\" fxLayoutAlign=\"start center\">\n        <p>Name: {{ user.firstName }} {{ user.lastName | uppercase }}</p>\n        <p>Email: {{ user.email }}</p>\n        <p *ngIf=\"user.admin\" class=\"my2\">You are admin</p>\n        <div *ngIf=\"!user.admin\" fxLayout=\"column\" class=\"my2\" fxLayoutAlign=\"center center\">\n          <p>Delete my account:</p>\n          <button mat-raised-button color=\"warn\" (click)=\"delete()\">\n            <mat-icon>delete</mat-icon>\n            <span class=\"ml1\">Detail</span>\n          </button>\n        </div>\n        <div fxLayoutAlign=\"space-between center\" class=\"p2 w100\">\n\n          <p><i>Create at: </i> {{ user.createdAt | date: 'longDate'}}</p>\n          <p><i>Last update: </i> {{ user.updatedAt| date: 'longDate'}}</p>\n        </div>\n      </div>\n    </mat-card-content>\n  </mat-card>\n</div>\n"
      ],
      "mappings": ";;;;;;;;;;;;ICcQA,EAAA,CAAAC,cAAA,WAAkC;IAAAD,EAAA,CAAAE,MAAA,oBAAa;IAAAF,EAAA,CAAAG,YAAA,EAAI;;;;;;IAEjDH,EADF,CAAAC,cAAA,aAAqF,QAChF;IAAAD,EAAA,CAAAE,MAAA,yBAAkB;IAAAF,EAAA,CAAAG,YAAA,EAAI;IACzBH,EAAA,CAAAC,cAAA,iBAA0D;IAAnBD,EAAA,CAAAI,UAAA,mBAAAC,0DAAA;MAAAL,EAAA,CAAAM,aAAA,CAAAC,GAAA;MAAA,MAAAC,MAAA,GAAAR,EAAA,CAAAS,aAAA;MAAA,OAAAT,EAAA,CAAAU,WAAA,CAASF,MAAA,CAAAG,MAAA,EAAQ;IAAA,EAAC;IACvDX,EAAA,CAAAC,cAAA,eAAU;IAAAD,EAAA,CAAAE,MAAA,aAAM;IAAAF,EAAA,CAAAG,YAAA,EAAW;IAC3BH,EAAA,CAAAC,cAAA,eAAkB;IAAAD,EAAA,CAAAE,MAAA,aAAM;IAE5BF,EAF4B,CAAAG,YAAA,EAAO,EACxB,EACL;;;;;IATNH,EADF,CAAAC,cAAA,aAAiE,QAC5D;IAAAD,EAAA,CAAAE,MAAA,GAA0D;;IAAAF,EAAA,CAAAG,YAAA,EAAI;IACjEH,EAAA,CAAAC,cAAA,QAAG;IAAAD,EAAA,CAAAE,MAAA,GAAuB;IAAAF,EAAA,CAAAG,YAAA,EAAI;IAE9BH,EADA,CAAAY,UAAA,IAAAC,+BAAA,eAAkC,IAAAC,iCAAA,iBACmD;IAShFd,EAFL,CAAAC,cAAA,aAA0D,QAErD,SAAG;IAAAD,EAAA,CAAAE,MAAA,mBAAW;IAAAF,EAAA,CAAAG,YAAA,EAAI;IAACH,EAAA,CAAAE,MAAA,IAAsC;;IAAAF,EAAA,CAAAG,YAAA,EAAI;IAC7DH,EAAH,CAAAC,cAAA,SAAG,SAAG;IAAAD,EAAA,CAAAE,MAAA,qBAAa;IAAAF,EAAA,CAAAG,YAAA,EAAI;IAACH,EAAA,CAAAE,MAAA,IAAqC;;IAEjEF,EAFiE,CAAAG,YAAA,EAAI,EAC7D,EACF;;;;IAfDH,EAAA,CAAAe,SAAA,GAA0D;IAA1Df,EAAA,CAAAgB,kBAAA,WAAAR,MAAA,CAAAS,IAAA,CAAAC,SAAA,OAAAlB,EAAA,CAAAmB,WAAA,OAAAX,MAAA,CAAAS,IAAA,CAAAG,QAAA,MAA0D;IAC1DpB,EAAA,CAAAe,SAAA,GAAuB;IAAvBf,EAAA,CAAAqB,kBAAA,YAAAb,MAAA,CAAAS,IAAA,CAAAK,KAAA,KAAuB;IACtBtB,EAAA,CAAAe,SAAA,EAAgB;IAAhBf,EAAA,CAAAuB,UAAA,SAAAf,MAAA,CAAAS,IAAA,CAAAO,KAAA,CAAgB;IACdxB,EAAA,CAAAe,SAAA,EAAiB;IAAjBf,EAAA,CAAAuB,UAAA,UAAAf,MAAA,CAAAS,IAAA,CAAAO,KAAA,CAAiB;IASCxB,EAAA,CAAAe,SAAA,GAAsC;IAAtCf,EAAA,CAAAqB,kBAAA,MAAArB,EAAA,CAAAyB,WAAA,QAAAjB,MAAA,CAAAS,IAAA,CAAAS,SAAA,kBAAsC;IACpC1B,EAAA,CAAAe,SAAA,GAAqC;IAArCf,EAAA,CAAAqB,kBAAA,MAAArB,EAAA,CAAAyB,WAAA,SAAAjB,MAAA,CAAAS,IAAA,CAAAU,SAAA,kBAAqC;;;ADZvE,WAAaC,WAAW;EAAlB,MAAOA,WAAW;IAItBC,YAAoBC,MAAc,EACdC,cAA8B,EAC9BC,WAAwB,EACxBC,WAAwB;MAHxB,KAAAH,MAAM,GAANA,MAAM;MACN,KAAAC,cAAc,GAAdA,cAAc;MACd,KAAAC,WAAW,GAAXA,WAAW;MACX,KAAAC,WAAW,GAAXA,WAAW;IAC/B;IAEOC,QAAQA,CAAA;MACb,IAAI,CAACD,WAAW,CACbE,OAAO,CAAC,IAAI,CAACJ,cAAc,CAACK,kBAAmB,CAACC,EAAE,CAACC,QAAQ,EAAE,CAAC,CAC9DC,SAAS,CAAEtB,IAAU,IAAK,IAAI,CAACA,IAAI,GAAGA,IAAI,CAAC;IAChD;IAEOuB,IAAIA,CAAA;MACTC,MAAM,CAACC,OAAO,CAACF,IAAI,EAAE;IACvB;IAEO7B,MAAMA,CAAA;MACX,IAAI,CAACsB,WAAW,CACbtB,MAAM,CAAC,IAAI,CAACoB,cAAc,CAACK,kBAAmB,CAACC,EAAE,CAACC,QAAQ,EAAE,CAAC,CAC7DC,SAAS,CAAEI,CAAC,IAAI;QACf,IAAI,CAACX,WAAW,CAACY,IAAI,CAAC,iCAAiC,EAAE,OAAO,EAAE;UAAEC,QAAQ,EAAE;QAAI,CAAE,CAAC;QACrF,IAAI,CAACd,cAAc,CAACe,MAAM,EAAE;QAC5B,IAAI,CAAChB,MAAM,CAACiB,QAAQ,CAAC,CAAC,GAAG,CAAC,CAAC;MAC7B,CAAC,CAAC;IACN;IAAC,QAAAJ,CAAA,G;uBA5BUf,WAAW,EAAA5B,EAAA,CAAAgD,iBAAA,CAAAC,EAAA,CAAAC,MAAA,GAAAlD,EAAA,CAAAgD,iBAAA,CAAAG,EAAA,CAAAC,cAAA,GAAApD,EAAA,CAAAgD,iBAAA,CAAAK,EAAA,CAAAC,WAAA,GAAAtD,EAAA,CAAAgD,iBAAA,CAAAO,EAAA,CAAAC,WAAA;IAAA;IAAA,QAAAC,EAAA,G;YAAX7B,WAAW;MAAA8B,SAAA;MAAAC,KAAA;MAAAC,IAAA;MAAAC,MAAA;MAAAC,QAAA,WAAAC,qBAAAC,EAAA,EAAAC,GAAA;QAAA,IAAAD,EAAA;UCThBhE,EAJR,CAAAC,cAAA,aAAgB,eACJ,qBACQ,aACmC,gBACN;UAAjBD,EAAA,CAAAI,UAAA,mBAAA8D,6CAAA;YAAA,OAASD,GAAA,CAAAzB,IAAA,EAAM;UAAA,EAAC;UACtCxC,EAAA,CAAAC,cAAA,eAAU;UAAAD,EAAA,CAAAE,MAAA,iBAAU;UACtBF,EADsB,CAAAG,YAAA,EAAW,EACxB;UACTH,EAAA,CAAAC,cAAA,SAAI;UAAAD,EAAA,CAAAE,MAAA,uBAAgB;UAExBF,EAFwB,CAAAG,YAAA,EAAK,EACrB,EACS;UACjBH,EAAA,CAAAC,cAAA,uBAAkB;UAChBD,EAAA,CAAAY,UAAA,KAAAuD,2BAAA,mBAAiE;UAmBvEnE,EAFI,CAAAG,YAAA,EAAmB,EACV,EACP;;;UAnBMH,EAAA,CAAAe,SAAA,IAAU;UAAVf,EAAA,CAAAuB,UAAA,SAAA0C,GAAA,CAAAhD,IAAA,CAAU;;;;;;SDETW,WAAW;AAAA",
      "ignoreList": []
    },
    "_coverageSchema": "1a1c01bbd47fc00a2c39e90264f33305004495a9",
    "hash": "ae7c4941d252ca08b5754cba159e584694ed0ed1"
  },
  "/Users/didierbd/NOMADS MEDIA Dropbox/Didier BD/DOCUMENTS/FORMATIONS/OPENCLASSROOMS/DEV FULL STACK et ANGULAR/P5 - Testez une app Full Stack/OC-P5/OCP5-Test-App-Full-Stack/front/src/app/components/not-found/not-found.component.ts": {
    "path": "/Users/didierbd/NOMADS MEDIA Dropbox/Didier BD/DOCUMENTS/FORMATIONS/OPENCLASSROOMS/DEV FULL STACK et ANGULAR/P5 - Testez une app Full Stack/OC-P5/OCP5-Test-App-Full-Stack/front/src/app/components/not-found/not-found.component.ts",
    "statementMap": {
      "0": {
        "start": {
          "line": 2,
          "column": 44
        },
        "end": {
          "line": 24,
          "column": 4
        }
      },
      "1": {
        "start": {
          "line": 4,
          "column": 16
        },
        "end": {
          "line": 6,
          "column": 5
        }
      },
      "2": {
        "start": {
          "line": 5,
          "column": 6
        },
        "end": {
          "line": 5,
          "column": 44
        }
      },
      "3": {
        "start": {
          "line": 7,
          "column": 17
        },
        "end": {
          "line": 21,
          "column": 6
        }
      },
      "4": {
        "start": {
          "line": 14,
          "column": 8
        },
        "end": {
          "line": 18,
          "column": 9
        }
      },
      "5": {
        "start": {
          "line": 15,
          "column": 10
        },
        "end": {
          "line": 15,
          "column": 50
        }
      },
      "6": {
        "start": {
          "line": 16,
          "column": 10
        },
        "end": {
          "line": 16,
          "column": 43
        }
      },
      "7": {
        "start": {
          "line": 17,
          "column": 10
        },
        "end": {
          "line": 17,
          "column": 30
        }
      },
      "8": {
        "start": {
          "line": 23,
          "column": 2
        },
        "end": {
          "line": 23,
          "column": 27
        }
      }
    },
    "fnMap": {
      "0": {
        "name": "(anonymous_0)",
        "decl": {
          "start": {
            "line": 2,
            "column": 45
          },
          "end": {
            "line": 2,
            "column": 46
          }
        },
        "loc": {
          "start": {
            "line": 2,
            "column": 51
          },
          "end": {
            "line": 24,
            "column": 1
          }
        },
        "line": 2
      },
      "1": {
        "name": "NotFoundComponent_Factory",
        "decl": {
          "start": {
            "line": 4,
            "column": 37
          },
          "end": {
            "line": 4,
            "column": 62
          }
        },
        "loc": {
          "start": {
            "line": 4,
            "column": 66
          },
          "end": {
            "line": 6,
            "column": 5
          }
        },
        "line": 4
      },
      "2": {
        "name": "NotFoundComponent_Template",
        "decl": {
          "start": {
            "line": 13,
            "column": 25
          },
          "end": {
            "line": 13,
            "column": 51
          }
        },
        "loc": {
          "start": {
            "line": 13,
            "column": 61
          },
          "end": {
            "line": 19,
            "column": 7
          }
        },
        "line": 13
      }
    },
    "branchMap": {
      "0": {
        "loc": {
          "start": {
            "line": 5,
            "column": 18
          },
          "end": {
            "line": 5,
            "column": 40
          }
        },
        "type": "binary-expr",
        "locations": [
          {
            "start": {
              "line": 5,
              "column": 18
            },
            "end": {
              "line": 5,
              "column": 19
            }
          },
          {
            "start": {
              "line": 5,
              "column": 23
            },
            "end": {
              "line": 5,
              "column": 40
            }
          }
        ],
        "line": 5
      },
      "1": {
        "loc": {
          "start": {
            "line": 14,
            "column": 8
          },
          "end": {
            "line": 18,
            "column": 9
          }
        },
        "type": "if",
        "locations": [
          {
            "start": {
              "line": 14,
              "column": 8
            },
            "end": {
              "line": 18,
              "column": 9
            }
          },
          {
            "start": {
              "line": 14,
              "column": 8
            },
            "end": {
              "line": 18,
              "column": 9
            }
          }
        ],
        "line": 14
      }
    },
    "s": {
      "0": 23,
      "1": 23,
      "2": 1,
      "3": 23,
      "4": 4,
      "5": 1,
      "6": 1,
      "7": 1,
      "8": 23
    },
    "f": {
      "0": 23,
      "1": 1,
      "2": 4
    },
    "b": {
      "0": [
        1,
        1
      ],
      "1": [
        1,
        3
      ]
    },
    "inputSourceMap": {
      "version": 3,
      "names": [
        "NotFoundComponent",
        "_",
        "_2",
        "selectors",
        "decls",
        "vars",
        "consts",
        "template",
        "NotFoundComponent_Template",
        "rf",
        "ctx",
        "i0",
        "ɵɵelementStart",
        "ɵɵtext",
        "ɵɵelementEnd"
      ],
      "sources": [
        "/Users/didierbd/NOMADS MEDIA Dropbox/Didier BD/DOCUMENTS/FORMATIONS/OPENCLASSROOMS/DEV FULL STACK et ANGULAR/P5 - Testez une app Full Stack/OC-P5/OCP5-Test-App-Full-Stack/front/src/app/components/not-found/not-found.component.ts",
        "/Users/didierbd/NOMADS MEDIA Dropbox/Didier BD/DOCUMENTS/FORMATIONS/OPENCLASSROOMS/DEV FULL STACK et ANGULAR/P5 - Testez une app Full Stack/OC-P5/OCP5-Test-App-Full-Stack/front/src/app/components/not-found/not-found.component.html"
      ],
      "sourcesContent": [
        "import { Component } from '@angular/core';\n\n@Component({\n  selector: 'app-not-found',\n  templateUrl: './not-found.component.html',\n  styleUrls: ['./not-found.component.scss']\n})\nexport class NotFoundComponent {\n}\n",
        "<div class=\"flex justify-center mt3\">\n        <h1>Page not found !</h1>\n</div>"
      ],
      "mappings": ";AAOA,WAAaA,iBAAiB;EAAxB,MAAOA,iBAAiB;IAAA,QAAAC,CAAA,G;uBAAjBD,iBAAiB;IAAA;IAAA,QAAAE,EAAA,G;YAAjBF,iBAAiB;MAAAG,SAAA;MAAAC,KAAA;MAAAC,IAAA;MAAAC,MAAA;MAAAC,QAAA,WAAAC,2BAAAC,EAAA,EAAAC,GAAA;QAAA,IAAAD,EAAA;UCNtBE,EADR,CAAAC,cAAA,aAAqC,SACzB;UAAAD,EAAA,CAAAE,MAAA,uBAAgB;UAC5BF,EAD4B,CAAAG,YAAA,EAAK,EAC3B;;;;;;SDKOd,iBAAiB;AAAA",
      "ignoreList": []
    },
    "_coverageSchema": "1a1c01bbd47fc00a2c39e90264f33305004495a9",
    "hash": "437a4d204cd9198745c5d6d3611547ec2c4a5f59"
  },
  "/Users/didierbd/NOMADS MEDIA Dropbox/Didier BD/DOCUMENTS/FORMATIONS/OPENCLASSROOMS/DEV FULL STACK et ANGULAR/P5 - Testez une app Full Stack/OC-P5/OCP5-Test-App-Full-Stack/front/src/app/guards/auth.guard.ts": {
    "path": "/Users/didierbd/NOMADS MEDIA Dropbox/Didier BD/DOCUMENTS/FORMATIONS/OPENCLASSROOMS/DEV FULL STACK et ANGULAR/P5 - Testez une app Full Stack/OC-P5/OCP5-Test-App-Full-Stack/front/src/app/guards/auth.guard.ts",
    "statementMap": {
      "0": {
        "start": {
          "line": 4,
          "column": 36
        },
        "end": {
          "line": 27,
          "column": 4
        }
      },
      "1": {
        "start": {
          "line": 7,
          "column": 6
        },
        "end": {
          "line": 7,
          "column": 27
        }
      },
      "2": {
        "start": {
          "line": 8,
          "column": 6
        },
        "end": {
          "line": 8,
          "column": 43
        }
      },
      "3": {
        "start": {
          "line": 11,
          "column": 6
        },
        "end": {
          "line": 14,
          "column": 7
        }
      },
      "4": {
        "start": {
          "line": 12,
          "column": 8
        },
        "end": {
          "line": 12,
          "column": 40
        }
      },
      "5": {
        "start": {
          "line": 13,
          "column": 8
        },
        "end": {
          "line": 13,
          "column": 21
        }
      },
      "6": {
        "start": {
          "line": 15,
          "column": 6
        },
        "end": {
          "line": 15,
          "column": 18
        }
      },
      "7": {
        "start": {
          "line": 17,
          "column": 16
        },
        "end": {
          "line": 19,
          "column": 5
        }
      },
      "8": {
        "start": {
          "line": 18,
          "column": 6
        },
        "end": {
          "line": 18,
          "column": 90
        }
      },
      "9": {
        "start": {
          "line": 20,
          "column": 17
        },
        "end": {
          "line": 24,
          "column": 6
        }
      },
      "10": {
        "start": {
          "line": 26,
          "column": 2
        },
        "end": {
          "line": 26,
          "column": 19
        }
      }
    },
    "fnMap": {
      "0": {
        "name": "(anonymous_0)",
        "decl": {
          "start": {
            "line": 4,
            "column": 37
          },
          "end": {
            "line": 4,
            "column": 38
          }
        },
        "loc": {
          "start": {
            "line": 4,
            "column": 43
          },
          "end": {
            "line": 27,
            "column": 1
          }
        },
        "line": 4
      },
      "1": {
        "name": "(anonymous_1)",
        "decl": {
          "start": {
            "line": 6,
            "column": 4
          },
          "end": {
            "line": 6,
            "column": 5
          }
        },
        "loc": {
          "start": {
            "line": 6,
            "column": 40
          },
          "end": {
            "line": 9,
            "column": 5
          }
        },
        "line": 6
      },
      "2": {
        "name": "(anonymous_2)",
        "decl": {
          "start": {
            "line": 10,
            "column": 4
          },
          "end": {
            "line": 10,
            "column": 5
          }
        },
        "loc": {
          "start": {
            "line": 10,
            "column": 18
          },
          "end": {
            "line": 16,
            "column": 5
          }
        },
        "line": 10
      },
      "3": {
        "name": "AuthGuard_Factory",
        "decl": {
          "start": {
            "line": 17,
            "column": 37
          },
          "end": {
            "line": 17,
            "column": 54
          }
        },
        "loc": {
          "start": {
            "line": 17,
            "column": 58
          },
          "end": {
            "line": 19,
            "column": 5
          }
        },
        "line": 17
      }
    },
    "branchMap": {
      "0": {
        "loc": {
          "start": {
            "line": 11,
            "column": 6
          },
          "end": {
            "line": 14,
            "column": 7
          }
        },
        "type": "if",
        "locations": [
          {
            "start": {
              "line": 11,
              "column": 6
            },
            "end": {
              "line": 14,
              "column": 7
            }
          },
          {
            "start": {
              "line": 11,
              "column": 6
            },
            "end": {
              "line": 14,
              "column": 7
            }
          }
        ],
        "line": 11
      },
      "1": {
        "loc": {
          "start": {
            "line": 18,
            "column": 18
          },
          "end": {
            "line": 18,
            "column": 32
          }
        },
        "type": "binary-expr",
        "locations": [
          {
            "start": {
              "line": 18,
              "column": 18
            },
            "end": {
              "line": 18,
              "column": 19
            }
          },
          {
            "start": {
              "line": 18,
              "column": 23
            },
            "end": {
              "line": 18,
              "column": 32
            }
          }
        ],
        "line": 18
      }
    },
    "s": {
      "0": 23,
      "1": 15,
      "2": 15,
      "3": 20,
      "4": 0,
      "5": 0,
      "6": 20,
      "7": 23,
      "8": 15,
      "9": 23,
      "10": 23
    },
    "f": {
      "0": 23,
      "1": 15,
      "2": 20,
      "3": 15
    },
    "b": {
      "0": [
        0,
        20
      ],
      "1": [
        15,
        15
      ]
    },
    "inputSourceMap": {
      "version": 3,
      "names": [
        "AuthGuard",
        "constructor",
        "router",
        "sessionService",
        "canActivate",
        "isLogged",
        "navigate",
        "_",
        "i0",
        "ɵɵinject",
        "i1",
        "Router",
        "i2",
        "SessionService",
        "_2",
        "factory",
        "ɵfac",
        "providedIn"
      ],
      "sources": [
        "/Users/didierbd/NOMADS MEDIA Dropbox/Didier BD/DOCUMENTS/FORMATIONS/OPENCLASSROOMS/DEV FULL STACK et ANGULAR/P5 - Testez une app Full Stack/OC-P5/OCP5-Test-App-Full-Stack/front/src/app/guards/auth.guard.ts"
      ],
      "sourcesContent": [
        "import {Injectable} from \"@angular/core\";\nimport { Router } from \"@angular/router\"; \nimport { SessionService } from \"../services/session.service\";\n\n@Injectable({providedIn: 'root'})\nexport class AuthGuard  {\n\n  constructor( \n    private router: Router,\n    private sessionService: SessionService,\n  ) {\n  }\n\n  public canActivate(): boolean {\n    if (!this.sessionService.isLogged) {\n      this.router.navigate(['login']);\n      return false;\n    }\n    return true;\n  }\n}"
      ],
      "mappings": ";;;AAKA,WAAaA,SAAS;EAAhB,MAAOA,SAAS;IAEpBC,YACUC,MAAc,EACdC,cAA8B;MAD9B,KAAAD,MAAM,GAANA,MAAM;MACN,KAAAC,cAAc,GAAdA,cAAc;IAExB;IAEOC,WAAWA,CAAA;MAChB,IAAI,CAAC,IAAI,CAACD,cAAc,CAACE,QAAQ,EAAE;QACjC,IAAI,CAACH,MAAM,CAACI,QAAQ,CAAC,CAAC,OAAO,CAAC,CAAC;QAC/B,OAAO,KAAK;MACd;MACA,OAAO,IAAI;IACb;IAAC,QAAAC,CAAA,G;uBAdUP,SAAS,EAAAQ,EAAA,CAAAC,QAAA,CAAAC,EAAA,CAAAC,MAAA,GAAAH,EAAA,CAAAC,QAAA,CAAAG,EAAA,CAAAC,cAAA;IAAA;IAAA,QAAAC,EAAA,G;aAATd,SAAS;MAAAe,OAAA,EAATf,SAAS,CAAAgB,IAAA;MAAAC,UAAA,EADG;IAAM;;SAClBjB,SAAS;AAAA",
      "ignoreList": []
    },
    "_coverageSchema": "1a1c01bbd47fc00a2c39e90264f33305004495a9",
    "hash": "77d21d4e5169d6f7762b9c2287fd72ec84737e27"
  },
  "/Users/didierbd/NOMADS MEDIA Dropbox/Didier BD/DOCUMENTS/FORMATIONS/OPENCLASSROOMS/DEV FULL STACK et ANGULAR/P5 - Testez une app Full Stack/OC-P5/OCP5-Test-App-Full-Stack/front/src/app/guards/unauth.guard.ts": {
    "path": "/Users/didierbd/NOMADS MEDIA Dropbox/Didier BD/DOCUMENTS/FORMATIONS/OPENCLASSROOMS/DEV FULL STACK et ANGULAR/P5 - Testez une app Full Stack/OC-P5/OCP5-Test-App-Full-Stack/front/src/app/guards/unauth.guard.ts",
    "statementMap": {
      "0": {
        "start": {
          "line": 4,
          "column": 38
        },
        "end": {
          "line": 27,
          "column": 4
        }
      },
      "1": {
        "start": {
          "line": 7,
          "column": 6
        },
        "end": {
          "line": 7,
          "column": 27
        }
      },
      "2": {
        "start": {
          "line": 8,
          "column": 6
        },
        "end": {
          "line": 8,
          "column": 43
        }
      },
      "3": {
        "start": {
          "line": 11,
          "column": 6
        },
        "end": {
          "line": 14,
          "column": 7
        }
      },
      "4": {
        "start": {
          "line": 12,
          "column": 8
        },
        "end": {
          "line": 12,
          "column": 42
        }
      },
      "5": {
        "start": {
          "line": 13,
          "column": 8
        },
        "end": {
          "line": 13,
          "column": 21
        }
      },
      "6": {
        "start": {
          "line": 15,
          "column": 6
        },
        "end": {
          "line": 15,
          "column": 18
        }
      },
      "7": {
        "start": {
          "line": 17,
          "column": 16
        },
        "end": {
          "line": 19,
          "column": 5
        }
      },
      "8": {
        "start": {
          "line": 18,
          "column": 6
        },
        "end": {
          "line": 18,
          "column": 92
        }
      },
      "9": {
        "start": {
          "line": 20,
          "column": 17
        },
        "end": {
          "line": 24,
          "column": 6
        }
      },
      "10": {
        "start": {
          "line": 26,
          "column": 2
        },
        "end": {
          "line": 26,
          "column": 21
        }
      }
    },
    "fnMap": {
      "0": {
        "name": "(anonymous_0)",
        "decl": {
          "start": {
            "line": 4,
            "column": 39
          },
          "end": {
            "line": 4,
            "column": 40
          }
        },
        "loc": {
          "start": {
            "line": 4,
            "column": 45
          },
          "end": {
            "line": 27,
            "column": 1
          }
        },
        "line": 4
      },
      "1": {
        "name": "(anonymous_1)",
        "decl": {
          "start": {
            "line": 6,
            "column": 4
          },
          "end": {
            "line": 6,
            "column": 5
          }
        },
        "loc": {
          "start": {
            "line": 6,
            "column": 40
          },
          "end": {
            "line": 9,
            "column": 5
          }
        },
        "line": 6
      },
      "2": {
        "name": "(anonymous_2)",
        "decl": {
          "start": {
            "line": 10,
            "column": 4
          },
          "end": {
            "line": 10,
            "column": 5
          }
        },
        "loc": {
          "start": {
            "line": 10,
            "column": 18
          },
          "end": {
            "line": 16,
            "column": 5
          }
        },
        "line": 10
      },
      "3": {
        "name": "UnauthGuard_Factory",
        "decl": {
          "start": {
            "line": 17,
            "column": 37
          },
          "end": {
            "line": 17,
            "column": 56
          }
        },
        "loc": {
          "start": {
            "line": 17,
            "column": 60
          },
          "end": {
            "line": 19,
            "column": 5
          }
        },
        "line": 17
      }
    },
    "branchMap": {
      "0": {
        "loc": {
          "start": {
            "line": 11,
            "column": 6
          },
          "end": {
            "line": 14,
            "column": 7
          }
        },
        "type": "if",
        "locations": [
          {
            "start": {
              "line": 11,
              "column": 6
            },
            "end": {
              "line": 14,
              "column": 7
            }
          },
          {
            "start": {
              "line": 11,
              "column": 6
            },
            "end": {
              "line": 14,
              "column": 7
            }
          }
        ],
        "line": 11
      },
      "1": {
        "loc": {
          "start": {
            "line": 18,
            "column": 18
          },
          "end": {
            "line": 18,
            "column": 34
          }
        },
        "type": "binary-expr",
        "locations": [
          {
            "start": {
              "line": 18,
              "column": 18
            },
            "end": {
              "line": 18,
              "column": 19
            }
          },
          {
            "start": {
              "line": 18,
              "column": 23
            },
            "end": {
              "line": 18,
              "column": 34
            }
          }
        ],
        "line": 18
      }
    },
    "s": {
      "0": 23,
      "1": 22,
      "2": 22,
      "3": 23,
      "4": 0,
      "5": 0,
      "6": 23,
      "7": 23,
      "8": 22,
      "9": 23,
      "10": 23
    },
    "f": {
      "0": 23,
      "1": 22,
      "2": 23,
      "3": 22
    },
    "b": {
      "0": [
        0,
        23
      ],
      "1": [
        22,
        22
      ]
    },
    "inputSourceMap": {
      "version": 3,
      "names": [
        "UnauthGuard",
        "constructor",
        "router",
        "sessionService",
        "canActivate",
        "isLogged",
        "navigate",
        "_",
        "i0",
        "ɵɵinject",
        "i1",
        "Router",
        "i2",
        "SessionService",
        "_2",
        "factory",
        "ɵfac",
        "providedIn"
      ],
      "sources": [
        "/Users/didierbd/NOMADS MEDIA Dropbox/Didier BD/DOCUMENTS/FORMATIONS/OPENCLASSROOMS/DEV FULL STACK et ANGULAR/P5 - Testez une app Full Stack/OC-P5/OCP5-Test-App-Full-Stack/front/src/app/guards/unauth.guard.ts"
      ],
      "sourcesContent": [
        "import {Injectable} from \"@angular/core\";\nimport { Router } from \"@angular/router\"; \nimport { SessionService } from \"../services/session.service\";\n\n@Injectable({providedIn: 'root'})\nexport class UnauthGuard  {\n\n  constructor( \n    private router: Router,\n    private sessionService: SessionService,\n  ) {\n  }\n\n  public canActivate(): boolean {\n    if (this.sessionService.isLogged) {\n      this.router.navigate(['rentals']);\n      return false;\n    }\n    return true;\n  }\n}"
      ],
      "mappings": ";;;AAKA,WAAaA,WAAW;EAAlB,MAAOA,WAAW;IAEtBC,YACUC,MAAc,EACdC,cAA8B;MAD9B,KAAAD,MAAM,GAANA,MAAM;MACN,KAAAC,cAAc,GAAdA,cAAc;IAExB;IAEOC,WAAWA,CAAA;MAChB,IAAI,IAAI,CAACD,cAAc,CAACE,QAAQ,EAAE;QAChC,IAAI,CAACH,MAAM,CAACI,QAAQ,CAAC,CAAC,SAAS,CAAC,CAAC;QACjC,OAAO,KAAK;MACd;MACA,OAAO,IAAI;IACb;IAAC,QAAAC,CAAA,G;uBAdUP,WAAW,EAAAQ,EAAA,CAAAC,QAAA,CAAAC,EAAA,CAAAC,MAAA,GAAAH,EAAA,CAAAC,QAAA,CAAAG,EAAA,CAAAC,cAAA;IAAA;IAAA,QAAAC,EAAA,G;aAAXd,WAAW;MAAAe,OAAA,EAAXf,WAAW,CAAAgB,IAAA;MAAAC,UAAA,EADC;IAAM;;SAClBjB,WAAW;AAAA",
      "ignoreList": []
    },
[...]
        "description",
        "_c0",
        "ctx_r1",
        "user",
        "admin",
        "ListComponent",
        "constructor",
        "sessionService",
        "sessionApiService",
        "sessions$",
        "all",
        "sessionInformation",
        "_",
        "ɵɵdirectiveInject",
        "i1",
        "SessionService",
        "i2",
        "SessionApiService",
        "_2",
        "selectors",
        "decls",
        "vars",
        "consts",
        "template",
        "ListComponent_Template",
        "rf",
        "ctx",
        "ListComponent_button_5_Template",
        "ListComponent_mat_card_7_Template",
        "ɵɵpipeBind1"
      ],
      "sources": [
        "/Users/didierbd/NOMADS MEDIA Dropbox/Didier BD/DOCUMENTS/FORMATIONS/OPENCLASSROOMS/DEV FULL STACK et ANGULAR/P5 - Testez une app Full Stack/OC-P5/OCP5-Test-App-Full-Stack/front/src/app/features/sessions/components/list/list.component.ts",
        "/Users/didierbd/NOMADS MEDIA Dropbox/Didier BD/DOCUMENTS/FORMATIONS/OPENCLASSROOMS/DEV FULL STACK et ANGULAR/P5 - Testez une app Full Stack/OC-P5/OCP5-Test-App-Full-Stack/front/src/app/features/sessions/components/list/list.component.html"
      ],
      "sourcesContent": [
        "import { Component } from '@angular/core';\nimport { Observable } from 'rxjs';\nimport { SessionInformation } from '../../../../interfaces/sessionInformation.interface';\nimport { SessionService } from '../../../../services/session.service';\nimport { Session } from '../../interfaces/session.interface';\nimport { SessionApiService } from '../../services/session-api.service';\n\n@Component({\n  selector: 'app-list',\n  templateUrl: './list.component.html',\n  styleUrls: ['./list.component.scss']\n})\nexport class ListComponent {\n\n  public sessions$: Observable<Session[]> = this.sessionApiService.all();\n\n  constructor(\n    private sessionService: SessionService,\n    private sessionApiService: SessionApiService\n  ) { }\n\n  get user(): SessionInformation | undefined {\n    return this.sessionService.sessionInformation;\n  }\n}\n",
        "<div class=\"list\">\n  <mat-card>\n    <mat-card-header fxLayout=\"row\" fxLayoutAlign=\"space-between center\">\n      <mat-card-title class=\"m0\">Rentals available</mat-card-title>\n      <button data-testid=\"create-button\" *ngIf=\"user!.admin\" mat-raised-button color=\"primary\" routerLink=\"create\">\n        <mat-icon>add</mat-icon>\n        <span class=\"ml1\">Create</span>\n      </button>\n    </mat-card-header>\n    <div class=\"items mt2\" fxLayout=\"row wrap\" fxLayout.lt-md=\"column\">\n      <mat-card class=\"item\" *ngFor=\"let session of (sessions$ | async)\" fxFlex>\n        <mat-card-header>\n          <mat-card-title>{{ session.name }}</mat-card-title>\n          <mat-card-subtitle>\n            Session on {{ session.date | date: 'longDate'}}\n          </mat-card-subtitle>\n        </mat-card-header>\n        <div mat-card-image fxLayoutAlign=\"center center\">\n          <img class=\"picture\" src=\"assets/sessions.png\" alt=\"Yoga session\">\n        </div>\n        <mat-card-content>\n          <p>\n            {{ session.description }}\n          </p>\n        </mat-card-content>\n        <mat-card-actions>\n          <button mat-raised-button color=\"primary\" [routerLink]=\"['detail',session.id]\">\n            <mat-icon>search</mat-icon>\n            <span class=\"ml1\">Detail</span>\n          </button>\n          <button data-testid=\"update-button\" *ngIf=\"user!.admin\" mat-raised-button color=\"primary\"\n                  [routerLink]=\"['update',session.id]\">\n            <mat-icon>edit</mat-icon>\n            <span class=\"ml1\">Edit</span>\n          </button>\n        </mat-card-actions>\n      </mat-card>\n    </div>\n  </mat-card>\n</div>\n"
      ],
      "mappings": ";;;;;;;;;;;;;ICKQA,EADF,CAAAC,cAAA,gBAA8G,eAClG;IAAAD,EAAA,CAAAE,MAAA,UAAG;IAAAF,EAAA,CAAAG,YAAA,EAAW;IACxBH,EAAA,CAAAC,cAAA,cAAkB;IAAAD,EAAA,CAAAE,MAAA,aAAM;IAC1BF,EAD0B,CAAAG,YAAA,EAAO,EACxB;;;;;IAyBHH,EAFF,CAAAC,cAAA,iBAC6C,eACjC;IAAAD,EAAA,CAAAE,MAAA,WAAI;IAAAF,EAAA,CAAAG,YAAA,EAAW;IACzBH,EAAA,CAAAC,cAAA,cAAkB;IAAAD,EAAA,CAAAE,MAAA,WAAI;IACxBF,EADwB,CAAAG,YAAA,EAAO,EACtB;;;;IAHDH,EAAA,CAAAI,UAAA,eAAAJ,EAAA,CAAAK,eAAA,IAAAC,GAAA,EAAAC,UAAA,CAAAC,EAAA,EAAoC;;;;;IAnB5CR,EAFJ,CAAAC,cAAA,kBAA0E,sBACvD,qBACC;IAAAD,EAAA,CAAAE,MAAA,GAAkB;IAAAF,EAAA,CAAAG,YAAA,EAAiB;IACnDH,EAAA,CAAAC,cAAA,wBAAmB;IACjBD,EAAA,CAAAE,MAAA,GACF;;IACFF,EADE,CAAAG,YAAA,EAAoB,EACJ;IAClBH,EAAA,CAAAC,cAAA,aAAkD;IAChDD,EAAA,CAAAS,SAAA,cAAkE;IACpET,EAAA,CAAAG,YAAA,EAAM;IAEJH,EADF,CAAAC,cAAA,uBAAkB,SACb;IACDD,EAAA,CAAAE,MAAA,IACF;IACFF,EADE,CAAAG,YAAA,EAAI,EACa;IAGfH,EAFJ,CAAAC,cAAA,wBAAkB,kBAC+D,gBACnE;IAAAD,EAAA,CAAAE,MAAA,cAAM;IAAAF,EAAA,CAAAG,YAAA,EAAW;IAC3BH,EAAA,CAAAC,cAAA,eAAkB;IAAAD,EAAA,CAAAE,MAAA,cAAM;IAC1BF,EAD0B,CAAAG,YAAA,EAAO,EACxB;IACTH,EAAA,CAAAU,UAAA,KAAAC,2CAAA,qBAC6C;IAKjDX,EADE,CAAAG,YAAA,EAAmB,EACV;;;;;IAxBSH,EAAA,CAAAY,SAAA,GAAkB;IAAlBZ,EAAA,CAAAa,iBAAA,CAAAN,UAAA,CAAAO,IAAA,CAAkB;IAEhCd,EAAA,CAAAY,SAAA,GACF;IADEZ,EAAA,CAAAe,kBAAA,iBAAAf,EAAA,CAAAgB,WAAA,OAAAT,UAAA,CAAAU,IAAA,mBACF;IAOEjB,EAAA,CAAAY,SAAA,GACF;IADEZ,EAAA,CAAAe,kBAAA,MAAAR,UAAA,CAAAW,WAAA,MACF;IAG0ClB,EAAA,CAAAY,SAAA,GAAoC;IAApCZ,EAAA,CAAAI,UAAA,eAAAJ,EAAA,CAAAK,eAAA,IAAAc,GAAA,EAAAZ,UAAA,CAAAC,EAAA,EAAoC;IAIzCR,EAAA,CAAAY,SAAA,GAAiB;IAAjBZ,EAAA,CAAAI,UAAA,SAAAgB,MAAA,CAAAC,IAAA,CAAAC,KAAA,CAAiB;;;ADlBhE,WAAaC,aAAa;EAApB,MAAOA,aAAa;IAIxBC,YACUC,cAA8B,EAC9BC,iBAAoC;MADpC,KAAAD,cAAc,GAAdA,cAAc;MACd,KAAAC,iBAAiB,GAAjBA,iBAAiB;MAJpB,KAAAC,SAAS,GAA0B,IAAI,CAACD,iBAAiB,CAACE,GAAG,EAAE;IAKlE;IAEJ,IAAIP,IAAIA,CAAA;MACN,OAAO,IAAI,CAACI,cAAc,CAACI,kBAAkB;IAC/C;IAAC,QAAAC,CAAA,G;uBAXUP,aAAa,EAAAvB,EAAA,CAAA+B,iBAAA,CAAAC,EAAA,CAAAC,cAAA,GAAAjC,EAAA,CAAA+B,iBAAA,CAAAG,EAAA,CAAAC,iBAAA;IAAA;IAAA,QAAAC,EAAA,G;YAAbb,aAAa;MAAAc,SAAA;MAAAC,KAAA;MAAAC,IAAA;MAAAC,MAAA;MAAAC,QAAA,WAAAC,uBAAAC,EAAA,EAAAC,GAAA;QAAA,IAAAD,EAAA;UCTpB3C,EAHN,CAAAC,cAAA,aAAkB,eACN,yBAC6D,wBACxC;UAAAD,EAAA,CAAAE,MAAA,wBAAiB;UAAAF,EAAA,CAAAG,YAAA,EAAiB;UAC7DH,EAAA,CAAAU,UAAA,IAAAmC,+BAAA,oBAA8G;UAIhH7C,EAAA,CAAAG,YAAA,EAAkB;UAClBH,EAAA,CAAAC,cAAA,aAAmE;UACjED,EAAA,CAAAU,UAAA,IAAAoC,iCAAA,wBAA0E;;UA6BhF9C,EAFI,CAAAG,YAAA,EAAM,EACG,EACP;;;UAnCqCH,EAAA,CAAAY,SAAA,GAAiB;UAAjBZ,EAAA,CAAAI,UAAA,SAAAwC,GAAA,CAAAvB,IAAA,CAAAC,KAAA,CAAiB;UAMXtB,EAAA,CAAAY,SAAA,GAAsB;UAAtBZ,EAAA,CAAAI,UAAA,YAAAJ,EAAA,CAAA+C,WAAA,OAAAH,GAAA,CAAAjB,SAAA,EAAsB;;;;;;;SDE1DJ,aAAa;AAAA",
      "ignoreList": []
    },
    "_coverageSchema": "1a1c01bbd47fc00a2c39e90264f33305004495a9",
    "hash": "2619501db4ff00a6b0614d4f9b7ddee7963f8f7d"
  },
  "/Users/didierbd/NOMADS MEDIA Dropbox/Didier BD/DOCUMENTS/FORMATIONS/OPENCLASSROOMS/DEV FULL STACK et ANGULAR/P5 - Testez une app Full Stack/OC-P5/OCP5-Test-App-Full-Stack/front/src/app/features/sessions/sessions-routing.module.ts": {
    "path": "/Users/didierbd/NOMADS MEDIA Dropbox/Didier BD/DOCUMENTS/FORMATIONS/OPENCLASSROOMS/DEV FULL STACK et ANGULAR/P5 - Testez une app Full Stack/OC-P5/OCP5-Test-App-Full-Stack/front/src/app/features/sessions/sessions-routing.module.ts",
    "statementMap": {
      "0": {
        "start": {
          "line": 7,
          "column": 15
        },
        "end": {
          "line": 23,
          "column": 2
        }
      },
      "1": {
        "start": {
          "line": 24,
          "column": 48
        },
        "end": {
          "line": 37,
          "column": 4
        }
      },
      "2": {
        "start": {
          "line": 26,
          "column": 16
        },
        "end": {
          "line": 28,
          "column": 5
        }
      },
      "3": {
        "start": {
          "line": 27,
          "column": 6
        },
        "end": {
          "line": 27,
          "column": 48
        }
      },
      "4": {
        "start": {
          "line": 29,
          "column": 17
        },
        "end": {
          "line": 31,
          "column": 6
        }
      },
      "5": {
        "start": {
          "line": 32,
          "column": 17
        },
        "end": {
          "line": 34,
          "column": 6
        }
      },
      "6": {
        "start": {
          "line": 36,
          "column": 2
        },
        "end": {
          "line": 36,
          "column": 31
        }
      }
    },
    "fnMap": {
      "0": {
        "name": "(anonymous_0)",
        "decl": {
          "start": {
            "line": 24,
            "column": 49
          },
          "end": {
            "line": 24,
            "column": 50
          }
        },
        "loc": {
          "start": {
            "line": 24,
            "column": 55
          },
          "end": {
            "line": 37,
            "column": 1
          }
        },
        "line": 24
      },
      "1": {
        "name": "SessionsRoutingModule_Factory",
        "decl": {
          "start": {
            "line": 26,
            "column": 37
          },
          "end": {
            "line": 26,
            "column": 66
          }
        },
        "loc": {
          "start": {
            "line": 26,
            "column": 70
          },
          "end": {
            "line": 28,
            "column": 5
          }
        },
        "line": 26
      }
    },
    "branchMap": {
      "0": {
        "loc": {
          "start": {
            "line": 27,
            "column": 18
          },
          "end": {
            "line": 27,
            "column": 44
          }
        },
        "type": "binary-expr",
        "locations": [
          {
            "start": {
              "line": 27,
              "column": 18
            },
            "end": {
              "line": 27,
              "column": 19
            }
          },
          {
            "start": {
              "line": 27,
              "column": 23
            },
            "end": {
              "line": 27,
              "column": 44
            }
          }
        ],
        "line": 27
      }
    },
    "s": {
      "0": 15,
      "1": 15,
      "2": 15,
      "3": 15,
      "4": 15,
      "5": 15,
      "6": 15
    },
    "f": {
      "0": 15,
      "1": 15
    },
    "b": {
      "0": [
        15,
        15
      ]
    },
    "inputSourceMap": {
      "version": 3,
      "names": [
        "RouterModule",
        "DetailComponent",
        "FormComponent",
        "ListComponent",
        "routes",
        "path",
        "title",
        "component",
        "SessionsRoutingModule",
        "_",
        "_2",
        "_3",
        "forChild"
      ],
      "sources": [
        "/Users/didierbd/NOMADS MEDIA Dropbox/Didier BD/DOCUMENTS/FORMATIONS/OPENCLASSROOMS/DEV FULL STACK et ANGULAR/P5 - Testez une app Full Stack/OC-P5/OCP5-Test-App-Full-Stack/front/src/app/features/sessions/sessions-routing.module.ts"
      ],
      "sourcesContent": [
        "import { NgModule } from '@angular/core';\nimport { RouterModule, Routes } from '@angular/router';\nimport { DetailComponent } from './components/detail/detail.component';\nimport { FormComponent } from './components/form/form.component';\nimport { ListComponent } from './components/list/list.component';\n\nconst routes: Routes = [\n  { path: '', title: 'Sessions', component: ListComponent },\n  { path: 'detail/:id', title: 'Sessions - detail', component: DetailComponent },\n  { path: 'create', title: 'Sessions - create', component: FormComponent },\n  { path: 'update/:id', title: 'Sessions - update', component: FormComponent }\n];\n\n@NgModule({\n  imports: [RouterModule.forChild(routes)],\n  exports: [RouterModule]\n})\nexport class SessionsRoutingModule {\n}\n"
      ],
      "mappings": "AACA,SAASA,YAAY,QAAgB,iBAAiB;AACtD,SAASC,eAAe,QAAQ,sCAAsC;AACtE,SAASC,aAAa,QAAQ,kCAAkC;AAChE,SAASC,aAAa,QAAQ,kCAAkC;;;AAEhE,MAAMC,MAAM,GAAW,CACrB;EAAEC,IAAI,EAAE,EAAE;EAAEC,KAAK,EAAE,UAAU;EAAEC,SAAS,EAAEJ;AAAa,CAAE,EACzD;EAAEE,IAAI,EAAE,YAAY;EAAEC,KAAK,EAAE,mBAAmB;EAAEC,SAAS,EAAEN;AAAe,CAAE,EAC9E;EAAEI,IAAI,EAAE,QAAQ;EAAEC,KAAK,EAAE,mBAAmB;EAAEC,SAAS,EAAEL;AAAa,CAAE,EACxE;EAAEG,IAAI,EAAE,YAAY;EAAEC,KAAK,EAAE,mBAAmB;EAAEC,SAAS,EAAEL;AAAa,CAAE,CAC7E;AAMD,WAAaM,qBAAqB;EAA5B,MAAOA,qBAAqB;IAAA,QAAAC,CAAA,G;uBAArBD,qBAAqB;IAAA;IAAA,QAAAE,EAAA,G;YAArBF;IAAqB;IAAA,QAAAG,EAAA,G;gBAHtBX,YAAY,CAACY,QAAQ,CAACR,MAAM,CAAC,EAC7BJ,YAAY;IAAA;;SAEXQ,qBAAqB;AAAA",
      "ignoreList": []
    },
    "_coverageSchema": "1a1c01bbd47fc00a2c39e90264f33305004495a9",
    "hash": "8df023782b13ca23ad8b6c82d082292e553867f8"
  },
  "/Users/didierbd/NOMADS MEDIA Dropbox/Didier BD/DOCUMENTS/FORMATIONS/OPENCLASSROOMS/DEV FULL STACK et ANGULAR/P5 - Testez une app Full Stack/OC-P5/OCP5-Test-App-Full-Stack/front/src/app/features/sessions/sessions.module.ts": {
    "path": "/Users/didierbd/NOMADS MEDIA Dropbox/Didier BD/DOCUMENTS/FORMATIONS/OPENCLASSROOMS/DEV FULL STACK et ANGULAR/P5 - Testez une app Full Stack/OC-P5/OCP5-Test-App-Full-Stack/front/src/app/features/sessions/sessions.module.ts",
    "statementMap": {
      "0": {
        "start": {
          "line": 20,
          "column": 0
        },
        "end": {
          "line": 20,
          "column": 29
        }
      },
      "1": {
        "start": {
          "line": 21,
          "column": 24
        },
        "end": {
          "line": 21,
          "column": 143
        }
      },
      "2": {
        "start": {
          "line": 22,
          "column": 41
        },
        "end": {
          "line": 35,
          "column": 4
        }
      },
      "3": {
        "start": {
          "line": 24,
          "column": 16
        },
        "end": {
          "line": 26,
          "column": 5
        }
      },
      "4": {
        "start": {
          "line": 25,
          "column": 6
        },
        "end": {
          "line": 25,
          "column": 41
        }
      },
      "5": {
        "start": {
          "line": 27,
          "column": 17
        },
        "end": {
          "line": 29,
          "column": 6
        }
      },
      "6": {
        "start": {
          "line": 30,
          "column": 17
        },
        "end": {
          "line": 32,
          "column": 6
        }
      },
      "7": {
        "start": {
          "line": 34,
          "column": 2
        },
        "end": {
          "line": 34,
          "column": 24
        }
      }
    },
    "fnMap": {
      "0": {
        "name": "(anonymous_0)",
        "decl": {
          "start": {
            "line": 22,
            "column": 42
          },
          "end": {
            "line": 22,
            "column": 43
          }
        },
        "loc": {
          "start": {
            "line": 22,
            "column": 48
          },
          "end": {
            "line": 35,
            "column": 1
          }
        },
        "line": 22
      },
      "1": {
        "name": "SessionsModule_Factory",
        "decl": {
          "start": {
            "line": 24,
            "column": 37
          },
          "end": {
            "line": 24,
            "column": 59
          }
        },
        "loc": {
          "start": {
            "line": 24,
            "column": 63
          },
          "end": {
            "line": 26,
            "column": 5
          }
        },
        "line": 24
      }
    },
    "branchMap": {
      "0": {
        "loc": {
          "start": {
            "line": 25,
            "column": 18
          },
          "end": {
            "line": 25,
            "column": 37
          }
        },
        "type": "binary-expr",
        "locations": [
          {
            "start": {
              "line": 25,
              "column": 18
            },
            "end": {
              "line": 25,
              "column": 19
            }
          },
          {
            "start": {
              "line": 25,
              "column": 23
            },
            "end": {
              "line": 25,
              "column": 37
            }
          }
        ],
        "line": 25
      }
    },
    "s": {
      "0": 15,
      "1": 15,
      "2": 15,
      "3": 15,
      "4": 15,
      "5": 15,
      "6": 15,
      "7": 15
    },
    "f": {
      "0": 15,
      "1": 15
    },
    "b": {
      "0": [
        15,
        15
      ]
    },
    "inputSourceMap": {
      "version": 3,
      "names": [
        "CommonModule",
        "registerLocaleData",
        "FlexLayoutModule",
        "ReactiveFormsModule",
        "MatButtonModule",
        "MatCardModule",
        "MatFormFieldModule",
        "MatIconModule",
        "MatInputModule",
        "MatSelectModule",
        "MatSnackBarModule",
        "SessionsRoutingModule",
        "localeFr",
        "materialModules",
        "SessionsModule",
        "_",
        "_2",
        "_3"
      ],
      "sources": [
        "/Users/didierbd/NOMADS MEDIA Dropbox/Didier BD/DOCUMENTS/FORMATIONS/OPENCLASSROOMS/DEV FULL STACK et ANGULAR/P5 - Testez une app Full Stack/OC-P5/OCP5-Test-App-Full-Stack/front/src/app/features/sessions/sessions.module.ts"
      ],
      "sourcesContent": [
        "import { NgModule } from '@angular/core';\nimport { CommonModule, registerLocaleData } from '@angular/common';\nimport { FlexLayoutModule } from '@angular/flex-layout';\nimport { ReactiveFormsModule } from '@angular/forms';\n//import { MatLegacyButtonModule as MatButtonModule } from '@angular/material/legacy-button';\nimport { MatButtonModule } from '@angular/material/button';\n//import { MatLegacyCardModule as MatCardModule } from '@angular/material/legacy-card';\nimport { MatCardModule } from '@angular/material/card';\n//import { MatLegacyFormFieldModule as MatFormFieldModule } from '@angular/material/legacy-form-field';\nimport { MatFormFieldModule } from '@angular/material/form-field';\nimport { MatIconModule } from '@angular/material/icon';\n//import { MatLegacyInputModule as MatInputModule } from '@angular/material/legacy-input';\nimport { MatInputModule } from '@angular/material/input';\n//import { MatLegacySelectModule as MatSelectModule } from '@angular/material/legacy-select';\nimport { MatSelectModule } from '@angular/material/select';\n//import { MatLegacySnackBarModule as MatSnackBarModule } from '@angular/material/legacy-snack-bar';\nimport { MatSnackBarModule } from '@angular/material/snack-bar';\nimport { ListComponent } from './components/list/list.component';\nimport { FormComponent } from './components/form/form.component';\nimport { DetailComponent } from './components/detail/detail.component';\nimport { SessionsRoutingModule } from './sessions-routing.module';\nimport localeFr from '@angular/common/locales/fr';\nregisterLocaleData(localeFr);\n\nconst materialModules = [\n  MatButtonModule,\n  MatCardModule,\n  MatFormFieldModule,\n  MatIconModule,\n  MatInputModule,\n  MatSnackBarModule,\n  MatSelectModule\n];\n\n@NgModule({\n  declarations: [\n    ListComponent,\n    FormComponent,\n    DetailComponent\n  ],\n  imports: [\n    CommonModule,\n    FlexLayoutModule,\n    ReactiveFormsModule,\n    SessionsRoutingModule,\n    ...materialModules\n  ]\n})\nexport class SessionsModule { }\n"
      ],
      "mappings": "AACA,SAASA,YAAY,EAAEC,kBAAkB,QAAQ,iBAAiB;AAClE,SAASC,gBAAgB,QAAQ,sBAAsB;AACvD,SAASC,mBAAmB,QAAQ,gBAAgB;AACpD;AACA,SAASC,eAAe,QAAQ,0BAA0B;AAC1D;AACA,SAASC,aAAa,QAAQ,wBAAwB;AACtD;AACA,SAASC,kBAAkB,QAAQ,8BAA8B;AACjE,SAASC,aAAa,QAAQ,wBAAwB;AACtD;AACA,SAASC,cAAc,QAAQ,yBAAyB;AACxD;AACA,SAASC,eAAe,QAAQ,0BAA0B;AAC1D;AACA,SAASC,iBAAiB,QAAQ,6BAA6B;AAI/D,SAASC,qBAAqB,QAAQ,2BAA2B;AACjE,OAAOC,QAAQ,MAAM,4BAA4B;;AACjDX,kBAAkB,CAACW,QAAQ,CAAC;AAE5B,MAAMC,eAAe,GAAG,CACtBT,eAAe,EACfC,aAAa,EACbC,kBAAkB,EAClBC,aAAa,EACbC,cAAc,EACdE,iBAAiB,EACjBD,eAAe,CAChB;AAgBD,WAAaK,cAAc;EAArB,MAAOA,cAAc;IAAA,QAAAC,CAAA,G;uBAAdD,cAAc;IAAA;IAAA,QAAAE,EAAA,G;YAAdF;IAAc;IAAA,QAAAG,EAAA,G;gBAPvBjB,YAAY,EACZE,gBAAgB,EAChBC,mBAAmB,EACnBQ,qBAAqB,EAClBE,eAAe;IAAA;;SAGTC,cAAc;AAAA",
      "ignoreList": []
    },
    "_coverageSchema": "1a1c01bbd47fc00a2c39e90264f33305004495a9",
    "hash": "166a69803a9b7130ee83fdb4d54d77b3ec42c559"
  }
}